<?xml version="1.0" encoding="UTF-8"?>
<coverage generated="1667105433042" clover="3.2.0">
  <project timestamp="1667105433042" name="All files">
    <metrics statements="289" coveredstatements="148" conditionals="76" coveredconditionals="35" methods="73" coveredmethods="35" elements="438" coveredelements="218" complexity="0" loc="289" ncloc="289" packages="3" files="8" classes="8"/>
    <package name="overview">
      <metrics statements="42" coveredstatements="39" conditionals="14" coveredconditionals="12" methods="6" coveredmethods="6"/>
      <file name="StarReview.jsx" path="/Users/ncassano/Desktop/FEC/rpp2205-atelier-new/client/src/components/overview/StarReview.jsx">
        <metrics statements="42" coveredstatements="39" conditionals="14" coveredconditionals="12" methods="6" coveredmethods="6"/>
        <line num="10" count="16" type="stmt"/>
        <line num="11" count="16" type="stmt"/>
        <line num="16" count="16" type="stmt"/>
        <line num="23" count="60" type="stmt"/>
        <line num="24" count="60" type="stmt"/>
        <line num="25" count="60" type="stmt"/>
        <line num="26" count="258" type="stmt"/>
        <line num="27" count="258" type="stmt"/>
        <line num="29" count="60" type="stmt"/>
        <line num="32" count="60" type="stmt"/>
        <line num="33" count="60" type="stmt"/>
        <line num="34" count="60" type="stmt"/>
        <line num="35" count="60" type="stmt"/>
        <line num="36" count="162" type="stmt"/>
        <line num="37" count="162" type="stmt"/>
        <line num="39" count="60" type="cond" truecount="1" falsecount="1"/>
        <line num="40" count="60" type="stmt"/>
        <line num="42" count="60" type="stmt"/>
        <line num="47" count="16" type="stmt"/>
        <line num="48" count="16" type="stmt"/>
        <line num="49" count="16" type="stmt"/>
        <line num="51" count="16" type="stmt"/>
        <line num="52" count="16" type="stmt"/>
        <line num="58" count="44" type="stmt"/>
        <line num="59" count="44" type="stmt"/>
        <line num="60" count="44" type="stmt"/>
        <line num="61" count="44" type="cond" truecount="1" falsecount="1"/>
        <line num="62" count="0" type="stmt"/>
        <line num="63" count="0" type="stmt"/>
        <line num="64" count="0" type="stmt"/>
        <line num="69" count="60" type="stmt"/>
        <line num="80" count="220" type="cond" truecount="2" falsecount="0"/>
        <line num="81" count="133" type="stmt"/>
        <line num="86" count="87" type="cond" truecount="2" falsecount="0"/>
        <line num="87" count="56" type="stmt"/>
        <line num="92" count="31" type="cond" truecount="2" falsecount="0"/>
        <line num="93" count="9" type="stmt"/>
        <line num="104" count="22" type="cond" truecount="2" falsecount="0"/>
        <line num="105" count="9" type="stmt"/>
        <line num="116" count="13" type="cond" truecount="2" falsecount="0"/>
        <line num="117" count="9" type="stmt"/>
        <line num="128" count="4" type="stmt"/>
      </file>
    </package>
    <package name="related">
      <metrics statements="245" coveredstatements="107" conditionals="62" coveredconditionals="23" methods="67" coveredmethods="29"/>
      <file name="Compare.jsx" path="/Users/ncassano/Desktop/FEC/rpp2205-atelier-new/client/src/components/related/Compare.jsx">
        <metrics statements="20" coveredstatements="11" conditionals="4" coveredconditionals="2" methods="7" coveredmethods="5"/>
        <line num="7" count="4" type="stmt"/>
        <line num="8" count="4" type="stmt"/>
        <line num="11" count="4" type="stmt"/>
        <line num="12" count="2" type="stmt"/>
        <line num="18" count="0" type="stmt"/>
        <line num="19" count="0" type="stmt"/>
        <line num="20" count="0" type="stmt"/>
        <line num="21" count="0" type="stmt"/>
        <line num="22" count="0" type="stmt"/>
        <line num="28" count="4" type="stmt"/>
        <line num="29" count="2" type="cond" truecount="1" falsecount="1"/>
        <line num="30" count="0" type="stmt"/>
        <line num="31" count="0" type="stmt"/>
        <line num="32" count="0" type="stmt"/>
        <line num="37" count="0" type="stmt"/>
        <line num="42" count="4" type="stmt"/>
        <line num="43" count="2" type="stmt"/>
        <line num="46" count="4" type="stmt"/>
        <line num="47" count="2" type="stmt"/>
        <line num="51" count="4" type="cond" truecount="1" falsecount="1"/>
      </file>
      <file name="CompareTable.jsx" path="/Users/ncassano/Desktop/FEC/rpp2205-atelier-new/client/src/components/related/CompareTable.jsx">
        <metrics statements="63" coveredstatements="0" conditionals="18" coveredconditionals="0" methods="16" coveredmethods="0"/>
        <line num="7" count="0" type="stmt"/>
        <line num="8" count="0" type="stmt"/>
        <line num="14" count="0" type="stmt"/>
        <line num="15" count="0" type="stmt"/>
        <line num="16" count="0" type="stmt"/>
        <line num="17" count="0" type="stmt"/>
        <line num="18" count="0" type="stmt"/>
        <line num="22" count="0" type="cond" truecount="0" falsecount="2"/>
        <line num="23" count="0" type="stmt"/>
        <line num="27" count="0" type="stmt"/>
        <line num="28" count="0" type="stmt"/>
        <line num="29" count="0" type="stmt"/>
        <line num="30" count="0" type="stmt"/>
        <line num="32" count="0" type="stmt"/>
        <line num="33" count="0" type="stmt"/>
        <line num="36" count="0" type="stmt"/>
        <line num="37" count="0" type="stmt"/>
        <line num="41" count="0" type="stmt"/>
        <line num="42" count="0" type="stmt"/>
        <line num="43" count="0" type="stmt"/>
        <line num="44" count="0" type="cond" truecount="0" falsecount="2"/>
        <line num="46" count="0" type="stmt"/>
        <line num="49" count="0" type="cond" truecount="0" falsecount="2"/>
        <line num="50" count="0" type="stmt"/>
        <line num="52" count="0" type="stmt"/>
        <line num="56" count="0" type="stmt"/>
        <line num="57" count="0" type="stmt"/>
        <line num="58" count="0" type="stmt"/>
        <line num="59" count="0" type="cond" truecount="0" falsecount="2"/>
        <line num="61" count="0" type="stmt"/>
        <line num="64" count="0" type="cond" truecount="0" falsecount="2"/>
        <line num="65" count="0" type="stmt"/>
        <line num="67" count="0" type="stmt"/>
        <line num="71" count="0" type="stmt"/>
        <line num="72" count="0" type="stmt"/>
        <line num="73" count="0" type="stmt"/>
        <line num="74" count="0" type="stmt"/>
        <line num="75" count="0" type="stmt"/>
        <line num="76" count="0" type="stmt"/>
        <line num="77" count="0" type="stmt"/>
        <line num="79" count="0" type="stmt"/>
        <line num="81" count="0" type="cond" truecount="0" falsecount="2"/>
        <line num="82" count="0" type="stmt"/>
        <line num="83" count="0" type="cond" truecount="0" falsecount="2"/>
        <line num="84" count="0" type="stmt"/>
        <line num="87" count="0" type="stmt"/>
        <line num="88" count="0" type="cond" truecount="0" falsecount="2"/>
        <line num="89" count="0" type="stmt"/>
        <line num="93" count="0" type="stmt"/>
        <line num="94" count="0" type="stmt"/>
        <line num="96" count="0" type="stmt"/>
        <line num="98" count="0" type="stmt"/>
        <line num="99" count="0" type="stmt"/>
        <line num="102" count="0" type="stmt"/>
        <line num="103" count="0" type="cond" truecount="0" falsecount="2"/>
        <line num="104" count="0" type="stmt"/>
        <line num="106" count="0" type="stmt"/>
        <line num="110" count="0" type="stmt"/>
        <line num="111" count="0" type="stmt"/>
        <line num="112" count="0" type="stmt"/>
        <line num="123" count="0" type="stmt"/>
        <line num="124" count="0" type="stmt"/>
        <line num="134" count="0" type="stmt"/>
      </file>
      <file name="Related.jsx" path="/Users/ncassano/Desktop/FEC/rpp2205-atelier-new/client/src/components/related/Related.jsx">
        <metrics statements="72" coveredstatements="29" conditionals="14" coveredconditionals="4" methods="19" coveredmethods="8"/>
        <line num="15" count="2" type="stmt"/>
        <line num="16" count="2" type="stmt"/>
        <line num="24" count="2" type="stmt"/>
        <line num="25" count="2" type="stmt"/>
        <line num="26" count="2" type="stmt"/>
        <line num="27" count="2" type="stmt"/>
        <line num="28" count="2" type="stmt"/>
        <line num="32" count="2" type="stmt"/>
        <line num="33" count="2" type="stmt"/>
        <line num="34" count="2" type="stmt"/>
        <line num="39" count="2" type="cond" truecount="1" falsecount="1"/>
        <line num="40" count="0" type="stmt"/>
        <line num="41" count="0" type="stmt"/>
        <line num="45" count="2" type="stmt"/>
        <line num="46" count="2" type="cond" truecount="1" falsecount="1"/>
        <line num="47" count="2" type="cond" truecount="2" falsecount="0"/>
        <line num="48" count="1" type="stmt"/>
        <line num="49" count="1" type="stmt"/>
        <line num="54" count="2" type="stmt"/>
        <line num="55" count="2" type="stmt"/>
        <line num="56" count="2" type="stmt"/>
        <line num="57" count="2" type="stmt"/>
        <line num="61" count="2" type="stmt"/>
        <line num="62" count="0" type="stmt"/>
        <line num="63" count="0" type="stmt"/>
        <line num="64" count="0" type="stmt"/>
        <line num="65" count="0" type="stmt"/>
        <line num="66" count="0" type="cond" truecount="0" falsecount="2"/>
        <line num="67" count="0" type="stmt"/>
        <line num="71" count="0" type="cond" truecount="0" falsecount="2"/>
        <line num="72" count="0" type="stmt"/>
        <line num="78" count="0" type="stmt"/>
        <line num="79" count="0" type="stmt"/>
        <line num="80" count="0" type="stmt"/>
        <line num="81" count="0" type="stmt"/>
        <line num="83" count="0" type="stmt"/>
        <line num="84" count="0" type="stmt"/>
        <line num="87" count="0" type="stmt"/>
        <line num="89" count="0" type="stmt"/>
        <line num="90" count="0" type="stmt"/>
        <line num="93" count="0" type="stmt"/>
        <line num="97" count="2" type="stmt"/>
        <line num="98" count="0" type="stmt"/>
        <line num="99" count="0" type="stmt"/>
        <line num="100" count="0" type="stmt"/>
        <line num="101" count="0" type="stmt"/>
        <line num="102" count="0" type="stmt"/>
        <line num="103" count="0" type="cond" truecount="0" falsecount="2"/>
        <line num="104" count="0" type="stmt"/>
        <line num="107" count="0" type="stmt"/>
        <line num="108" count="0" type="stmt"/>
        <line num="109" count="0" type="stmt"/>
        <line num="110" count="0" type="stmt"/>
        <line num="114" count="2" type="stmt"/>
        <line num="115" count="0" type="stmt"/>
        <line num="116" count="0" type="stmt"/>
        <line num="120" count="2" type="stmt"/>
        <line num="121" count="0" type="stmt"/>
        <line num="123" count="0" type="stmt"/>
        <line num="127" count="2" type="stmt"/>
        <line num="128" count="2" type="stmt"/>
        <line num="134" count="2" type="stmt"/>
        <line num="138" count="2" type="stmt"/>
        <line num="139" count="0" type="stmt"/>
        <line num="140" count="0" type="cond" truecount="0" falsecount="2"/>
        <line num="141" count="0" type="stmt"/>
        <line num="143" count="0" type="stmt"/>
        <line num="144" count="0" type="stmt"/>
        <line num="151" count="4" type="stmt"/>
        <line num="157" count="0" type="stmt"/>
        <line num="163" count="0" type="stmt"/>
        <line num="166" count="0" type="stmt"/>
      </file>
      <file name="Slider.jsx" path="/Users/ncassano/Desktop/FEC/rpp2205-atelier-new/client/src/components/related/Slider.jsx">
        <metrics statements="44" coveredstatements="33" conditionals="12" coveredconditionals="9" methods="12" coveredmethods="8"/>
        <line num="8" count="1" type="stmt"/>
        <line num="9" count="20" type="stmt"/>
        <line num="10" count="20" type="stmt"/>
        <line num="11" count="20" type="stmt"/>
        <line num="12" count="20" type="stmt"/>
        <line num="13" count="20" type="stmt"/>
        <line num="14" count="20" type="stmt"/>
        <line num="17" count="20" type="cond" truecount="1" falsecount="1"/>
        <line num="18" count="0" type="stmt"/>
        <line num="19" count="0" type="stmt"/>
        <line num="20" count="0" type="stmt"/>
        <line num="21" count="0" type="stmt"/>
        <line num="27" count="20" type="stmt"/>
        <line num="28" count="0" type="stmt"/>
        <line num="30" count="0" type="stmt"/>
        <line num="33" count="20" type="stmt"/>
        <line num="34" count="0" type="stmt"/>
        <line num="36" count="0" type="stmt"/>
        <line num="39" count="20" type="stmt"/>
        <line num="40" count="15" type="cond" truecount="2" falsecount="0"/>
        <line num="41" count="9" type="stmt"/>
        <line num="42" count="9" type="stmt"/>
        <line num="44" count="15" type="cond" truecount="2" falsecount="0"/>
        <line num="45" count="6" type="stmt"/>
        <line num="47" count="15" type="cond" truecount="1" falsecount="1"/>
        <line num="48" count="15" type="stmt"/>
        <line num="50" count="15" type="cond" truecount="1" falsecount="1"/>
        <line num="51" count="0" type="stmt"/>
        <line num="55" count="20" type="stmt"/>
        <line num="56" count="5" type="stmt"/>
        <line num="59" count="20" type="stmt"/>
        <line num="60" count="5" type="stmt"/>
        <line num="63" count="20" type="stmt"/>
        <line num="64" count="5" type="stmt"/>
        <line num="67" count="20" type="stmt"/>
        <line num="68" count="5" type="stmt"/>
        <line num="71" count="20" type="stmt"/>
        <line num="72" count="15" type="stmt"/>
        <line num="76" count="20" type="stmt"/>
        <line num="79" count="0" type="stmt"/>
        <line num="83" count="48" type="cond" truecount="2" falsecount="0"/>
        <line num="84" count="1" type="stmt"/>
        <line num="86" count="48" type="stmt"/>
        <line num="101" count="0" type="stmt"/>
      </file>
      <file name="SliderOutfit.jsx" path="/Users/ncassano/Desktop/FEC/rpp2205-atelier-new/client/src/components/related/SliderOutfit.jsx">
        <metrics statements="45" coveredstatements="33" conditionals="14" coveredconditionals="8" methods="13" coveredmethods="8"/>
        <line num="7" count="1" type="stmt"/>
        <line num="8" count="14" type="stmt"/>
        <line num="9" count="14" type="stmt"/>
        <line num="10" count="14" type="stmt"/>
        <line num="11" count="14" type="stmt"/>
        <line num="12" count="14" type="stmt"/>
        <line num="13" count="14" type="stmt"/>
        <line num="16" count="14" type="cond" truecount="1" falsecount="1"/>
        <line num="17" count="0" type="stmt"/>
        <line num="18" count="0" type="stmt"/>
        <line num="22" count="14" type="stmt"/>
        <line num="23" count="0" type="stmt"/>
        <line num="25" count="0" type="stmt"/>
        <line num="28" count="14" type="stmt"/>
        <line num="29" count="0" type="stmt"/>
        <line num="31" count="0" type="stmt"/>
        <line num="34" count="14" type="stmt"/>
        <line num="35" count="10" type="cond" truecount="1" falsecount="1"/>
        <line num="36" count="10" type="stmt"/>
        <line num="37" count="10" type="stmt"/>
        <line num="39" count="10" type="cond" truecount="1" falsecount="1"/>
        <line num="40" count="0" type="stmt"/>
        <line num="42" count="10" type="cond" truecount="1" falsecount="1"/>
        <line num="43" count="10" type="stmt"/>
        <line num="45" count="10" type="cond" truecount="1" falsecount="1"/>
        <line num="46" count="0" type="stmt"/>
        <line num="50" count="14" type="stmt"/>
        <line num="51" count="4" type="stmt"/>
        <line num="54" count="14" type="stmt"/>
        <line num="55" count="4" type="stmt"/>
        <line num="58" count="14" type="stmt"/>
        <line num="59" count="4" type="stmt"/>
        <line num="62" count="14" type="stmt"/>
        <line num="63" count="4" type="stmt"/>
        <line num="66" count="14" type="stmt"/>
        <line num="67" count="10" type="stmt"/>
        <line num="72" count="14" type="stmt"/>
        <line num="75" count="0" type="stmt"/>
        <line num="79" count="26" type="cond" truecount="1" falsecount="1"/>
        <line num="80" count="0" type="stmt"/>
        <line num="82" count="26" type="cond" truecount="2" falsecount="0"/>
        <line num="83" count="14" type="stmt"/>
        <line num="91" count="12" type="stmt"/>
        <line num="93" count="0" type="stmt"/>
        <line num="105" count="0" type="stmt"/>
      </file>
      <file name="noPhoto.js" path="/Users/ncassano/Desktop/FEC/rpp2205-atelier-new/client/src/components/related/noPhoto.js">
        <metrics statements="1" coveredstatements="1" conditionals="0" coveredconditionals="0" methods="0" coveredmethods="0"/>
        <line num="1" count="1" type="stmt"/>
      </file>
    </package>
    <package name="related.__related_tests_">
      <metrics statements="2" coveredstatements="2" conditionals="0" coveredconditionals="0" methods="0" coveredmethods="0"/>
      <file name="RelatedExamples.js" path="/Users/ncassano/Desktop/FEC/rpp2205-atelier-new/client/src/components/related/__related_tests_/RelatedExamples.js">
        <metrics statements="2" coveredstatements="2" conditionals="0" coveredconditionals="0" methods="0" coveredmethods="0"/>
        <line num="1" count="1" type="stmt"/>
        <line num="101" count="1" type="stmt"/>
      </file>
    </package>
  </project>
</coverage>
