<?xml version="1.0" encoding="UTF-8"?>
<coverage generated="1666321687925" clover="3.2.0">
  <project timestamp="1666321687925" name="All files">
    <metrics statements="196" coveredstatements="135" conditionals="52" coveredconditionals="33" methods="46" coveredmethods="30" elements="294" coveredelements="198" complexity="0" loc="196" ncloc="196" packages="3" files="6" classes="6"/>
    <package name="overview">
      <metrics statements="42" coveredstatements="39" conditionals="14" coveredconditionals="12" methods="6" coveredmethods="6"/>
      <file name="StarReview.jsx" path="/Users/ncassano/Desktop/FEC/rpp2205-atelier-new/client/src/components/overview/StarReview.jsx">
        <metrics statements="42" coveredstatements="39" conditionals="14" coveredconditionals="12" methods="6" coveredmethods="6"/>
        <line num="10" count="16" type="stmt"/>
        <line num="11" count="16" type="stmt"/>
        <line num="16" count="16" type="stmt"/>
        <line num="23" count="60" type="stmt"/>
        <line num="24" count="60" type="stmt"/>
        <line num="25" count="60" type="stmt"/>
        <line num="26" count="258" type="stmt"/>
        <line num="27" count="258" type="stmt"/>
        <line num="29" count="60" type="stmt"/>
        <line num="32" count="60" type="stmt"/>
        <line num="33" count="60" type="stmt"/>
        <line num="34" count="60" type="stmt"/>
        <line num="35" count="60" type="stmt"/>
        <line num="36" count="162" type="stmt"/>
        <line num="37" count="162" type="stmt"/>
        <line num="39" count="60" type="cond" truecount="1" falsecount="1"/>
        <line num="40" count="60" type="stmt"/>
        <line num="42" count="60" type="stmt"/>
        <line num="47" count="16" type="stmt"/>
        <line num="48" count="16" type="stmt"/>
        <line num="49" count="16" type="stmt"/>
        <line num="51" count="16" type="stmt"/>
        <line num="52" count="16" type="stmt"/>
        <line num="58" count="44" type="stmt"/>
        <line num="59" count="44" type="stmt"/>
        <line num="60" count="44" type="stmt"/>
        <line num="61" count="44" type="cond" truecount="1" falsecount="1"/>
        <line num="62" count="0" type="stmt"/>
        <line num="63" count="0" type="stmt"/>
        <line num="64" count="0" type="stmt"/>
        <line num="69" count="60" type="stmt"/>
        <line num="80" count="220" type="cond" truecount="2" falsecount="0"/>
        <line num="81" count="133" type="stmt"/>
        <line num="86" count="87" type="cond" truecount="2" falsecount="0"/>
        <line num="87" count="56" type="stmt"/>
        <line num="92" count="31" type="cond" truecount="2" falsecount="0"/>
        <line num="93" count="9" type="stmt"/>
        <line num="104" count="22" type="cond" truecount="2" falsecount="0"/>
        <line num="105" count="9" type="stmt"/>
        <line num="116" count="13" type="cond" truecount="2" falsecount="0"/>
        <line num="117" count="9" type="stmt"/>
        <line num="128" count="4" type="stmt"/>
      </file>
    </package>
    <package name="related">
      <metrics statements="152" coveredstatements="94" conditionals="38" coveredconditionals="21" methods="40" coveredmethods="24"/>
      <file name="Related.jsx" path="/Users/ncassano/Desktop/FEC/rpp2205-atelier-new/client/src/components/related/Related.jsx">
        <metrics statements="63" coveredstatements="27" conditionals="12" coveredconditionals="4" methods="16" coveredmethods="8"/>
        <line num="14" count="2" type="stmt"/>
        <line num="15" count="2" type="stmt"/>
        <line num="21" count="2" type="stmt"/>
        <line num="22" count="2" type="stmt"/>
        <line num="23" count="2" type="stmt"/>
        <line num="24" count="2" type="stmt"/>
        <line num="28" count="2" type="stmt"/>
        <line num="29" count="2" type="stmt"/>
        <line num="30" count="2" type="stmt"/>
        <line num="35" count="2" type="cond" truecount="1" falsecount="1"/>
        <line num="36" count="0" type="stmt"/>
        <line num="37" count="0" type="stmt"/>
        <line num="41" count="2" type="stmt"/>
        <line num="42" count="2" type="cond" truecount="1" falsecount="1"/>
        <line num="43" count="2" type="cond" truecount="2" falsecount="0"/>
        <line num="44" count="1" type="stmt"/>
        <line num="45" count="1" type="stmt"/>
        <line num="50" count="2" type="stmt"/>
        <line num="51" count="2" type="stmt"/>
        <line num="52" count="2" type="stmt"/>
        <line num="53" count="2" type="stmt"/>
        <line num="57" count="2" type="stmt"/>
        <line num="58" count="0" type="stmt"/>
        <line num="59" count="0" type="stmt"/>
        <line num="60" count="0" type="stmt"/>
        <line num="61" count="0" type="stmt"/>
        <line num="62" count="0" type="cond" truecount="0" falsecount="2"/>
        <line num="63" count="0" type="stmt"/>
        <line num="67" count="0" type="cond" truecount="0" falsecount="2"/>
        <line num="68" count="0" type="stmt"/>
        <line num="74" count="0" type="stmt"/>
        <line num="75" count="0" type="stmt"/>
        <line num="76" count="0" type="stmt"/>
        <line num="77" count="0" type="stmt"/>
        <line num="79" count="0" type="stmt"/>
        <line num="80" count="0" type="stmt"/>
        <line num="83" count="0" type="stmt"/>
        <line num="85" count="0" type="stmt"/>
        <line num="86" count="0" type="stmt"/>
        <line num="89" count="0" type="stmt"/>
        <line num="93" count="2" type="stmt"/>
        <line num="94" count="0" type="stmt"/>
        <line num="95" count="0" type="stmt"/>
        <line num="96" count="0" type="stmt"/>
        <line num="97" count="0" type="stmt"/>
        <line num="98" count="0" type="stmt"/>
        <line num="99" count="0" type="cond" truecount="0" falsecount="2"/>
        <line num="100" count="0" type="stmt"/>
        <line num="103" count="0" type="stmt"/>
        <line num="104" count="0" type="stmt"/>
        <line num="105" count="0" type="stmt"/>
        <line num="106" count="0" type="stmt"/>
        <line num="110" count="2" type="stmt"/>
        <line num="111" count="0" type="stmt"/>
        <line num="112" count="0" type="stmt"/>
        <line num="116" count="2" type="stmt"/>
        <line num="117" count="0" type="stmt"/>
        <line num="119" count="0" type="stmt"/>
        <line num="123" count="2" type="stmt"/>
        <line num="124" count="2" type="stmt"/>
        <line num="130" count="2" type="stmt"/>
        <line num="138" count="4" type="stmt"/>
        <line num="146" count="0" type="stmt"/>
      </file>
      <file name="Slider.jsx" path="/Users/ncassano/Desktop/FEC/rpp2205-atelier-new/client/src/components/related/Slider.jsx">
        <metrics statements="44" coveredstatements="33" conditionals="12" coveredconditionals="9" methods="12" coveredmethods="8"/>
        <line num="7" count="1" type="stmt"/>
        <line num="8" count="20" type="stmt"/>
        <line num="9" count="20" type="stmt"/>
        <line num="10" count="20" type="stmt"/>
        <line num="11" count="20" type="stmt"/>
        <line num="12" count="20" type="stmt"/>
        <line num="13" count="20" type="stmt"/>
        <line num="16" count="20" type="cond" truecount="1" falsecount="1"/>
        <line num="17" count="0" type="stmt"/>
        <line num="18" count="0" type="stmt"/>
        <line num="19" count="0" type="stmt"/>
        <line num="20" count="0" type="stmt"/>
        <line num="26" count="20" type="stmt"/>
        <line num="27" count="0" type="stmt"/>
        <line num="29" count="0" type="stmt"/>
        <line num="32" count="20" type="stmt"/>
        <line num="33" count="0" type="stmt"/>
        <line num="35" count="0" type="stmt"/>
        <line num="38" count="20" type="stmt"/>
        <line num="39" count="15" type="cond" truecount="2" falsecount="0"/>
        <line num="40" count="9" type="stmt"/>
        <line num="41" count="9" type="stmt"/>
        <line num="43" count="15" type="cond" truecount="2" falsecount="0"/>
        <line num="44" count="6" type="stmt"/>
        <line num="46" count="15" type="cond" truecount="1" falsecount="1"/>
        <line num="47" count="15" type="stmt"/>
        <line num="49" count="15" type="cond" truecount="1" falsecount="1"/>
        <line num="50" count="0" type="stmt"/>
        <line num="54" count="20" type="stmt"/>
        <line num="55" count="5" type="stmt"/>
        <line num="58" count="20" type="stmt"/>
        <line num="59" count="5" type="stmt"/>
        <line num="62" count="20" type="stmt"/>
        <line num="63" count="5" type="stmt"/>
        <line num="66" count="20" type="stmt"/>
        <line num="67" count="5" type="stmt"/>
        <line num="70" count="20" type="stmt"/>
        <line num="71" count="15" type="stmt"/>
        <line num="75" count="20" type="stmt"/>
        <line num="78" count="0" type="stmt"/>
        <line num="82" count="48" type="cond" truecount="2" falsecount="0"/>
        <line num="83" count="1" type="stmt"/>
        <line num="85" count="48" type="stmt"/>
        <line num="98" count="0" type="stmt"/>
      </file>
      <file name="SliderOutfit.jsx" path="/Users/ncassano/Desktop/FEC/rpp2205-atelier-new/client/src/components/related/SliderOutfit.jsx">
        <metrics statements="44" coveredstatements="33" conditionals="14" coveredconditionals="8" methods="12" coveredmethods="8"/>
        <line num="7" count="1" type="stmt"/>
        <line num="8" count="14" type="stmt"/>
        <line num="9" count="14" type="stmt"/>
        <line num="10" count="14" type="stmt"/>
        <line num="11" count="14" type="stmt"/>
        <line num="12" count="14" type="stmt"/>
        <line num="13" count="14" type="stmt"/>
        <line num="16" count="14" type="cond" truecount="1" falsecount="1"/>
        <line num="17" count="0" type="stmt"/>
        <line num="18" count="0" type="stmt"/>
        <line num="22" count="14" type="stmt"/>
        <line num="23" count="0" type="stmt"/>
        <line num="25" count="0" type="stmt"/>
        <line num="28" count="14" type="stmt"/>
        <line num="29" count="0" type="stmt"/>
        <line num="31" count="0" type="stmt"/>
        <line num="34" count="14" type="stmt"/>
        <line num="35" count="10" type="cond" truecount="1" falsecount="1"/>
        <line num="36" count="10" type="stmt"/>
        <line num="37" count="10" type="stmt"/>
        <line num="39" count="10" type="cond" truecount="1" falsecount="1"/>
        <line num="40" count="0" type="stmt"/>
        <line num="42" count="10" type="cond" truecount="1" falsecount="1"/>
        <line num="43" count="10" type="stmt"/>
        <line num="45" count="10" type="cond" truecount="1" falsecount="1"/>
        <line num="46" count="0" type="stmt"/>
        <line num="50" count="14" type="stmt"/>
        <line num="51" count="4" type="stmt"/>
        <line num="54" count="14" type="stmt"/>
        <line num="55" count="4" type="stmt"/>
        <line num="58" count="14" type="stmt"/>
        <line num="59" count="4" type="stmt"/>
        <line num="62" count="14" type="stmt"/>
        <line num="63" count="4" type="stmt"/>
        <line num="66" count="14" type="stmt"/>
        <line num="67" count="10" type="stmt"/>
        <line num="72" count="14" type="stmt"/>
        <line num="75" count="0" type="stmt"/>
        <line num="79" count="26" type="cond" truecount="1" falsecount="1"/>
        <line num="80" count="0" type="stmt"/>
        <line num="82" count="26" type="cond" truecount="2" falsecount="0"/>
        <line num="83" count="14" type="stmt"/>
        <line num="91" count="12" type="stmt"/>
        <line num="105" count="0" type="stmt"/>
      </file>
      <file name="noPhoto.js" path="/Users/ncassano/Desktop/FEC/rpp2205-atelier-new/client/src/components/related/noPhoto.js">
        <metrics statements="1" coveredstatements="1" conditionals="0" coveredconditionals="0" methods="0" coveredmethods="0"/>
        <line num="1" count="1" type="stmt"/>
      </file>
    </package>
    <package name="related.__related_tests_">
      <metrics statements="2" coveredstatements="2" conditionals="0" coveredconditionals="0" methods="0" coveredmethods="0"/>
      <file name="RelatedExamples.js" path="/Users/ncassano/Desktop/FEC/rpp2205-atelier-new/client/src/components/related/__related_tests_/RelatedExamples.js">
        <metrics statements="2" coveredstatements="2" conditionals="0" coveredconditionals="0" methods="0" coveredmethods="0"/>
        <line num="1" count="1" type="stmt"/>
        <line num="101" count="1" type="stmt"/>
      </file>
    </package>
  </project>
</coverage>
