{"/Users/ncassano/Desktop/FEC/rpp2205-atelier-new/client/src/components/overview/StarReview.jsx": {"path":"/Users/ncassano/Desktop/FEC/rpp2205-atelier-new/client/src/components/overview/StarReview.jsx","statementMap":{"0":{"start":{"line":10,"column":4},"end":{"line":10,"column":17}},"1":{"start":{"line":11,"column":4},"end":{"line":15,"column":5}},"2":{"start":{"line":16,"column":4},"end":{"line":16,"column":49}},"3":{"start":{"line":23,"column":22},"end":{"line":23,"column":23}},"4":{"start":{"line":24,"column":16},"end":{"line":24,"column":17}},"5":{"start":{"line":25,"column":4},"end":{"line":28,"column":5}},"6":{"start":{"line":26,"column":6},"end":{"line":26,"column":62}},"7":{"start":{"line":27,"column":6},"end":{"line":27,"column":49}},"8":{"start":{"line":29,"column":20},"end":{"line":29,"column":39}},"9":{"start":{"line":32,"column":24},"end":{"line":32,"column":66}},"10":{"start":{"line":33,"column":23},"end":{"line":33,"column":34}},"11":{"start":{"line":34,"column":15},"end":{"line":34,"column":26}},"12":{"start":{"line":35,"column":4},"end":{"line":38,"column":5}},"13":{"start":{"line":35,"column":17},"end":{"line":35,"column":18}},"14":{"start":{"line":36,"column":6},"end":{"line":36,"column":23}},"15":{"start":{"line":37,"column":6},"end":{"line":37,"column":12}},"16":{"start":{"line":39,"column":4},"end":{"line":41,"column":5}},"17":{"start":{"line":40,"column":6},"end":{"line":40,"column":38}},"18":{"start":{"line":42,"column":4},"end":{"line":42,"column":38}},"19":{"start":{"line":47,"column":18},"end":{"line":47,"column":35}},"20":{"start":{"line":48,"column":23},"end":{"line":48,"column":39}},"21":{"start":{"line":49,"column":24},"end":{"line":49,"column":41}},"22":{"start":{"line":51,"column":4},"end":{"line":51,"column":43}},"23":{"start":{"line":52,"column":4},"end":{"line":52,"column":47}},"24":{"start":{"line":58,"column":18},"end":{"line":58,"column":35}},"25":{"start":{"line":59,"column":23},"end":{"line":59,"column":39}},"26":{"start":{"line":60,"column":24},"end":{"line":60,"column":41}},"27":{"start":{"line":61,"column":4},"end":{"line":65,"column":5}},"28":{"start":{"line":62,"column":6},"end":{"line":62,"column":50}},"29":{"start":{"line":63,"column":6},"end":{"line":63,"column":45}},"30":{"start":{"line":64,"column":6},"end":{"line":64,"column":49}},"31":{"start":{"line":69,"column":4},"end":{"line":137,"column":6}},"32":{"start":{"line":80,"column":12},"end":{"line":85,"column":13}},"33":{"start":{"line":81,"column":14},"end":{"line":84,"column":23}},"34":{"start":{"line":86,"column":12},"end":{"line":91,"column":13}},"35":{"start":{"line":87,"column":14},"end":{"line":90,"column":23}},"36":{"start":{"line":92,"column":12},"end":{"line":103,"column":13}},"37":{"start":{"line":93,"column":14},"end":{"line":102,"column":15}},"38":{"start":{"line":104,"column":12},"end":{"line":115,"column":13}},"39":{"start":{"line":105,"column":14},"end":{"line":114,"column":15}},"40":{"start":{"line":116,"column":12},"end":{"line":127,"column":13}},"41":{"start":{"line":117,"column":14},"end":{"line":126,"column":15}},"42":{"start":{"line":128,"column":12},"end":{"line":132,"column":13}}},"fnMap":{"0":{"name":"(anonymous_0)","decl":{"start":{"line":9,"column":2},"end":{"line":9,"column":3}},"loc":{"start":{"line":9,"column":21},"end":{"line":17,"column":3}},"line":9},"1":{"name":"(anonymous_1)","decl":{"start":{"line":21,"column":2},"end":{"line":21,"column":3}},"loc":{"start":{"line":21,"column":15},"end":{"line":43,"column":3}},"line":21},"2":{"name":"(anonymous_2)","decl":{"start":{"line":46,"column":2},"end":{"line":46,"column":3}},"loc":{"start":{"line":46,"column":22},"end":{"line":53,"column":3}},"line":46},"3":{"name":"(anonymous_3)","decl":{"start":{"line":56,"column":2},"end":{"line":56,"column":3}},"loc":{"start":{"line":56,"column":32},"end":{"line":66,"column":3}},"line":56},"4":{"name":"(anonymous_4)","decl":{"start":{"line":68,"column":2},"end":{"line":68,"column":3}},"loc":{"start":{"line":68,"column":11},"end":{"line":138,"column":3}},"line":68},"5":{"name":"(anonymous_5)","decl":{"start":{"line":79,"column":37},"end":{"line":79,"column":38}},"loc":{"start":{"line":79,"column":53},"end":{"line":133,"column":11}},"line":79}},"branchMap":{"0":{"loc":{"start":{"line":39,"column":4},"end":{"line":41,"column":5}},"type":"if","locations":[{"start":{"line":39,"column":4},"end":{"line":41,"column":5}},{"start":{},"end":{}}],"line":39},"1":{"loc":{"start":{"line":61,"column":4},"end":{"line":65,"column":5}},"type":"if","locations":[{"start":{"line":61,"column":4},"end":{"line":65,"column":5}},{"start":{},"end":{}}],"line":61},"2":{"loc":{"start":{"line":80,"column":12},"end":{"line":85,"column":13}},"type":"if","locations":[{"start":{"line":80,"column":12},"end":{"line":85,"column":13}},{"start":{},"end":{}}],"line":80},"3":{"loc":{"start":{"line":86,"column":12},"end":{"line":91,"column":13}},"type":"if","locations":[{"start":{"line":86,"column":12},"end":{"line":91,"column":13}},{"start":{},"end":{}}],"line":86},"4":{"loc":{"start":{"line":92,"column":12},"end":{"line":103,"column":13}},"type":"if","locations":[{"start":{"line":92,"column":12},"end":{"line":103,"column":13}},{"start":{},"end":{}}],"line":92},"5":{"loc":{"start":{"line":104,"column":12},"end":{"line":115,"column":13}},"type":"if","locations":[{"start":{"line":104,"column":12},"end":{"line":115,"column":13}},{"start":{},"end":{}}],"line":104},"6":{"loc":{"start":{"line":116,"column":12},"end":{"line":127,"column":13}},"type":"if","locations":[{"start":{"line":116,"column":12},"end":{"line":127,"column":13}},{"start":{},"end":{}}],"line":116}},"s":{"0":16,"1":16,"2":16,"3":60,"4":60,"5":60,"6":258,"7":258,"8":60,"9":60,"10":60,"11":60,"12":60,"13":60,"14":162,"15":162,"16":60,"17":60,"18":60,"19":16,"20":16,"21":16,"22":16,"23":16,"24":44,"25":44,"26":44,"27":44,"28":0,"29":0,"30":0,"31":60,"32":220,"33":133,"34":87,"35":56,"36":31,"37":9,"38":22,"39":9,"40":13,"41":9,"42":4},"f":{"0":16,"1":60,"2":16,"3":44,"4":60,"5":220},"b":{"0":[60,0],"1":[0,44],"2":[133,87],"3":[56,31],"4":[9,22],"5":[9,13],"6":[9,4]},"_coverageSchema":"1a1c01bbd47fc00a2c39e90264f33305004495a9","hash":"2908c05816d86d1d8d1eb727c1807836a201646f"}
,"/Users/ncassano/Desktop/FEC/rpp2205-atelier-new/client/src/components/related/Related.jsx": {"path":"/Users/ncassano/Desktop/FEC/rpp2205-atelier-new/client/src/components/related/Related.jsx","statementMap":{"0":{"start":{"line":14,"column":4},"end":{"line":14,"column":17}},"1":{"start":{"line":15,"column":4},"end":{"line":20,"column":5}},"2":{"start":{"line":21,"column":4},"end":{"line":21,"column":47}},"3":{"start":{"line":22,"column":4},"end":{"line":22,"column":49}},"4":{"start":{"line":23,"column":4},"end":{"line":23,"column":51}},"5":{"start":{"line":24,"column":4},"end":{"line":24,"column":61}},"6":{"start":{"line":28,"column":4},"end":{"line":28,"column":22}},"7":{"start":{"line":29,"column":4},"end":{"line":29,"column":23}},"8":{"start":{"line":30,"column":4},"end":{"line":30,"column":22}},"9":{"start":{"line":35,"column":4},"end":{"line":38,"column":5}},"10":{"start":{"line":36,"column":6},"end":{"line":36,"column":25}},"11":{"start":{"line":37,"column":6},"end":{"line":37,"column":24}},"12":{"start":{"line":41,"column":15},"end":{"line":48,"column":3}},"13":{"start":{"line":42,"column":4},"end":{"line":47,"column":5}},"14":{"start":{"line":43,"column":6},"end":{"line":46,"column":7}},"15":{"start":{"line":44,"column":19},"end":{"line":44,"column":52}},"16":{"start":{"line":45,"column":8},"end":{"line":45,"column":44}},"17":{"start":{"line":50,"column":15},"end":{"line":55,"column":3}},"18":{"start":{"line":51,"column":16},"end":{"line":51,"column":46}},"19":{"start":{"line":52,"column":20},"end":{"line":52,"column":37}},"20":{"start":{"line":53,"column":5},"end":{"line":53,"column":39}},"21":{"start":{"line":57,"column":16},"end":{"line":91,"column":3}},"22":{"start":{"line":58,"column":4},"end":{"line":58,"column":23}},"23":{"start":{"line":59,"column":22},"end":{"line":59,"column":50}},"24":{"start":{"line":60,"column":24},"end":{"line":60,"column":28}},"25":{"start":{"line":61,"column":4},"end":{"line":65,"column":5}},"26":{"start":{"line":61,"column":17},"end":{"line":61,"column":18}},"27":{"start":{"line":62,"column":6},"end":{"line":64,"column":7}},"28":{"start":{"line":63,"column":8},"end":{"line":63,"column":30}},"29":{"start":{"line":67,"column":4},"end":{"line":90,"column":5}},"30":{"start":{"line":68,"column":6},"end":{"line":87,"column":10}},"31":{"start":{"line":74,"column":24},"end":{"line":74,"column":36}},"32":{"start":{"line":75,"column":30},"end":{"line":75,"column":47}},"33":{"start":{"line":76,"column":10},"end":{"line":78,"column":11}},"34":{"start":{"line":76,"column":23},"end":{"line":76,"column":24}},"35":{"start":{"line":77,"column":12},"end":{"line":77,"column":42}},"36":{"start":{"line":79,"column":11},"end":{"line":79,"column":49}},"37":{"start":{"line":80,"column":11},"end":{"line":80,"column":32}},"38":{"start":{"line":83,"column":30},"end":{"line":83,"column":53}},"39":{"start":{"line":85,"column":10},"end":{"line":85,"column":55}},"40":{"start":{"line":86,"column":10},"end":{"line":86,"column":33}},"41":{"start":{"line":89,"column":6},"end":{"line":89,"column":58}},"42":{"start":{"line":93,"column":21},"end":{"line":107,"column":3}},"43":{"start":{"line":94,"column":4},"end":{"line":94,"column":23}},"44":{"start":{"line":95,"column":20},"end":{"line":95,"column":40}},"45":{"start":{"line":96,"column":19},"end":{"line":96,"column":36}},"46":{"start":{"line":97,"column":20},"end":{"line":97,"column":22}},"47":{"start":{"line":98,"column":4},"end":{"line":102,"column":5}},"48":{"start":{"line":98,"column":17},"end":{"line":98,"column":18}},"49":{"start":{"line":99,"column":6},"end":{"line":101,"column":7}},"50":{"start":{"line":100,"column":8},"end":{"line":100,"column":35}},"51":{"start":{"line":103,"column":18},"end":{"line":103,"column":43}},"52":{"start":{"line":104,"column":4},"end":{"line":104,"column":37}},"53":{"start":{"line":105,"column":4},"end":{"line":105,"column":44}},"54":{"start":{"line":106,"column":4},"end":{"line":106,"column":21}},"55":{"start":{"line":110,"column":14},"end":{"line":114,"column":3}},"56":{"start":{"line":111,"column":17},"end":{"line":111,"column":44}},"57":{"start":{"line":112,"column":4},"end":{"line":112,"column":48}},"58":{"start":{"line":116,"column":15},"end":{"line":120,"column":3}},"59":{"start":{"line":117,"column":17},"end":{"line":117,"column":44}},"60":{"start":{"line":119,"column":4},"end":{"line":119,"column":48}},"61":{"start":{"line":123,"column":16},"end":{"line":132,"column":3}},"62":{"start":{"line":124,"column":4},"end":{"line":131,"column":6}},"63":{"start":{"line":130,"column":6},"end":{"line":130,"column":45}},"64":{"start":{"line":138,"column":4},"end":{"line":149,"column":5}},"65":{"start":{"line":146,"column":82},"end":{"line":146,"column":101}},"66":{"start":{"line":146,"column":120},"end":{"line":146,"column":144}}},"fnMap":{"0":{"name":"(anonymous_0)","decl":{"start":{"line":13,"column":2},"end":{"line":13,"column":3}},"loc":{"start":{"line":13,"column":21},"end":{"line":25,"column":3}},"line":13},"1":{"name":"(anonymous_1)","decl":{"start":{"line":27,"column":2},"end":{"line":27,"column":3}},"loc":{"start":{"line":27,"column":22},"end":{"line":31,"column":3}},"line":27},"2":{"name":"(anonymous_2)","decl":{"start":{"line":33,"column":2},"end":{"line":33,"column":3}},"loc":{"start":{"line":33,"column":32},"end":{"line":39,"column":3}},"line":33},"3":{"name":"(anonymous_3)","decl":{"start":{"line":41,"column":15},"end":{"line":41,"column":16}},"loc":{"start":{"line":41,"column":26},"end":{"line":48,"column":3}},"line":41},"4":{"name":"(anonymous_4)","decl":{"start":{"line":50,"column":15},"end":{"line":50,"column":16}},"loc":{"start":{"line":50,"column":25},"end":{"line":55,"column":3}},"line":50},"5":{"name":"(anonymous_5)","decl":{"start":{"line":57,"column":16},"end":{"line":57,"column":17}},"loc":{"start":{"line":57,"column":28},"end":{"line":91,"column":3}},"line":57},"6":{"name":"(anonymous_6)","decl":{"start":{"line":73,"column":14},"end":{"line":73,"column":15}},"loc":{"start":{"line":73,"column":27},"end":{"line":81,"column":9}},"line":73},"7":{"name":"(anonymous_7)","decl":{"start":{"line":82,"column":14},"end":{"line":82,"column":15}},"loc":{"start":{"line":82,"column":27},"end":{"line":87,"column":9}},"line":82},"8":{"name":"(anonymous_8)","decl":{"start":{"line":93,"column":21},"end":{"line":93,"column":22}},"loc":{"start":{"line":93,"column":33},"end":{"line":107,"column":3}},"line":93},"9":{"name":"(anonymous_9)","decl":{"start":{"line":110,"column":14},"end":{"line":110,"column":15}},"loc":{"start":{"line":110,"column":22},"end":{"line":114,"column":3}},"line":110},"10":{"name":"(anonymous_10)","decl":{"start":{"line":116,"column":15},"end":{"line":116,"column":16}},"loc":{"start":{"line":116,"column":23},"end":{"line":120,"column":3}},"line":116},"11":{"name":"(anonymous_11)","decl":{"start":{"line":123,"column":16},"end":{"line":123,"column":17}},"loc":{"start":{"line":123,"column":22},"end":{"line":132,"column":3}},"line":123},"12":{"name":"(anonymous_12)","decl":{"start":{"line":129,"column":10},"end":{"line":129,"column":11}},"loc":{"start":{"line":129,"column":23},"end":{"line":131,"column":5}},"line":129},"13":{"name":"(anonymous_13)","decl":{"start":{"line":137,"column":2},"end":{"line":137,"column":3}},"loc":{"start":{"line":137,"column":11},"end":{"line":150,"column":3}},"line":137},"14":{"name":"(anonymous_14)","decl":{"start":{"line":146,"column":74},"end":{"line":146,"column":75}},"loc":{"start":{"line":146,"column":81},"end":{"line":146,"column":102}},"line":146},"15":{"name":"(anonymous_15)","decl":{"start":{"line":146,"column":112},"end":{"line":146,"column":113}},"loc":{"start":{"line":146,"column":119},"end":{"line":146,"column":145}},"line":146}},"branchMap":{"0":{"loc":{"start":{"line":35,"column":4},"end":{"line":38,"column":5}},"type":"if","locations":[{"start":{"line":35,"column":4},"end":{"line":38,"column":5}},{"start":{},"end":{}}],"line":35},"1":{"loc":{"start":{"line":42,"column":4},"end":{"line":47,"column":5}},"type":"if","locations":[{"start":{"line":42,"column":4},"end":{"line":47,"column":5}},{"start":{},"end":{}}],"line":42},"2":{"loc":{"start":{"line":43,"column":6},"end":{"line":46,"column":7}},"type":"if","locations":[{"start":{"line":43,"column":6},"end":{"line":46,"column":7}},{"start":{},"end":{}}],"line":43},"3":{"loc":{"start":{"line":62,"column":6},"end":{"line":64,"column":7}},"type":"if","locations":[{"start":{"line":62,"column":6},"end":{"line":64,"column":7}},{"start":{},"end":{}}],"line":62},"4":{"loc":{"start":{"line":67,"column":4},"end":{"line":90,"column":5}},"type":"if","locations":[{"start":{"line":67,"column":4},"end":{"line":90,"column":5}},{"start":{"line":88,"column":11},"end":{"line":90,"column":5}}],"line":67},"5":{"loc":{"start":{"line":99,"column":6},"end":{"line":101,"column":7}},"type":"if","locations":[{"start":{"line":99,"column":6},"end":{"line":101,"column":7}},{"start":{},"end":{}}],"line":99}},"s":{"0":2,"1":2,"2":2,"3":2,"4":2,"5":2,"6":2,"7":2,"8":2,"9":2,"10":0,"11":0,"12":2,"13":2,"14":2,"15":1,"16":1,"17":2,"18":2,"19":2,"20":2,"21":2,"22":0,"23":0,"24":0,"25":0,"26":0,"27":0,"28":0,"29":0,"30":0,"31":0,"32":0,"33":0,"34":0,"35":0,"36":0,"37":0,"38":0,"39":0,"40":0,"41":0,"42":2,"43":0,"44":0,"45":0,"46":0,"47":0,"48":0,"49":0,"50":0,"51":0,"52":0,"53":0,"54":0,"55":2,"56":0,"57":0,"58":2,"59":0,"60":0,"61":2,"62":2,"63":2,"64":4,"65":0,"66":0},"f":{"0":2,"1":2,"2":2,"3":2,"4":2,"5":0,"6":0,"7":0,"8":0,"9":0,"10":0,"11":2,"12":2,"13":4,"14":0,"15":0},"b":{"0":[0,2],"1":[2,0],"2":[1,1],"3":[0,0],"4":[0,0],"5":[0,0]},"_coverageSchema":"1a1c01bbd47fc00a2c39e90264f33305004495a9","hash":"bdcfdffd535280dd6dbccf25f8ccea51e36ab5d1"}
,"/Users/ncassano/Desktop/FEC/rpp2205-atelier-new/client/src/components/related/Slider.jsx": {"path":"/Users/ncassano/Desktop/FEC/rpp2205-atelier-new/client/src/components/related/Slider.jsx","statementMap":{"0":{"start":{"line":7,"column":15},"end":{"line":102,"column":1}},"1":{"start":{"line":8,"column":30},"end":{"line":8,"column":41}},"2":{"start":{"line":9,"column":28},"end":{"line":9,"column":39}},"3":{"start":{"line":10,"column":37},"end":{"line":10,"column":48}},"4":{"start":{"line":11,"column":35},"end":{"line":11,"column":63}},"5":{"start":{"line":12,"column":37},"end":{"line":12,"column":66}},"6":{"start":{"line":13,"column":40},"end":{"line":13,"column":71}},"7":{"start":{"line":16,"column":4},"end":{"line":21,"column":3}},"8":{"start":{"line":17,"column":21},"end":{"line":17,"column":58}},"9":{"start":{"line":18,"column":21},"end":{"line":18,"column":47}},"10":{"start":{"line":19,"column":4},"end":{"line":19,"column":46}},"11":{"start":{"line":20,"column":4},"end":{"line":20,"column":40}},"12":{"start":{"line":26,"column":22},"end":{"line":30,"column":3}},"13":{"start":{"line":27,"column":4},"end":{"line":27,"column":32}},"14":{"start":{"line":29,"column":4},"end":{"line":29,"column":16}},"15":{"start":{"line":32,"column":21},"end":{"line":36,"column":3}},"16":{"start":{"line":33,"column":4},"end":{"line":33,"column":32}},"17":{"start":{"line":35,"column":4},"end":{"line":35,"column":16}},"18":{"start":{"line":38,"column":19},"end":{"line":52,"column":3}},"19":{"start":{"line":39,"column":4},"end":{"line":42,"column":5}},"20":{"start":{"line":40,"column":6},"end":{"line":40,"column":27}},"21":{"start":{"line":41,"column":6},"end":{"line":41,"column":26}},"22":{"start":{"line":43,"column":4},"end":{"line":45,"column":5}},"23":{"start":{"line":44,"column":6},"end":{"line":44,"column":38}},"24":{"start":{"line":46,"column":4},"end":{"line":48,"column":5}},"25":{"start":{"line":47,"column":6},"end":{"line":47,"column":26}},"26":{"start":{"line":49,"column":4},"end":{"line":51,"column":5}},"27":{"start":{"line":50,"column":6},"end":{"line":50,"column":36}},"28":{"start":{"line":54,"column":2},"end":{"line":56,"column":20}},"29":{"start":{"line":55,"column":4},"end":{"line":55,"column":28}},"30":{"start":{"line":58,"column":2},"end":{"line":60,"column":29}},"31":{"start":{"line":59,"column":4},"end":{"line":59,"column":39}},"32":{"start":{"line":62,"column":2},"end":{"line":64,"column":43}},"33":{"start":{"line":63,"column":3},"end":{"line":63,"column":52}},"34":{"start":{"line":66,"column":2},"end":{"line":68,"column":21}},"35":{"start":{"line":67,"column":4},"end":{"line":67,"column":28}},"36":{"start":{"line":70,"column":2},"end":{"line":72,"column":4}},"37":{"start":{"line":71,"column":4},"end":{"line":71,"column":16}},"38":{"start":{"line":75,"column":2},"end":{"line":101,"column":3}},"39":{"start":{"line":78,"column":59},"end":{"line":78,"column":86}},"40":{"start":{"line":78,"column":87},"end":{"line":78,"column":102}},"41":{"start":{"line":82,"column":10},"end":{"line":84,"column":11}},"42":{"start":{"line":83,"column":12},"end":{"line":83,"column":34}},"43":{"start":{"line":85,"column":12},"end":{"line":94,"column":13}},"44":{"start":{"line":98,"column":62},"end":{"line":98,"column":90}},"45":{"start":{"line":98,"column":91},"end":{"line":98,"column":105}}},"fnMap":{"0":{"name":"(anonymous_0)","decl":{"start":{"line":7,"column":15},"end":{"line":7,"column":16}},"loc":{"start":{"line":7,"column":31},"end":{"line":102,"column":1}},"line":7},"1":{"name":"(anonymous_1)","decl":{"start":{"line":26,"column":22},"end":{"line":26,"column":23}},"loc":{"start":{"line":26,"column":33},"end":{"line":30,"column":3}},"line":26},"2":{"name":"(anonymous_2)","decl":{"start":{"line":32,"column":21},"end":{"line":32,"column":22}},"loc":{"start":{"line":32,"column":32},"end":{"line":36,"column":3}},"line":32},"3":{"name":"(anonymous_3)","decl":{"start":{"line":38,"column":19},"end":{"line":38,"column":20}},"loc":{"start":{"line":38,"column":30},"end":{"line":52,"column":3}},"line":38},"4":{"name":"(anonymous_4)","decl":{"start":{"line":54,"column":12},"end":{"line":54,"column":13}},"loc":{"start":{"line":54,"column":18},"end":{"line":56,"column":3}},"line":54},"5":{"name":"(anonymous_5)","decl":{"start":{"line":58,"column":12},"end":{"line":58,"column":13}},"loc":{"start":{"line":58,"column":18},"end":{"line":60,"column":3}},"line":58},"6":{"name":"(anonymous_6)","decl":{"start":{"line":62,"column":12},"end":{"line":62,"column":13}},"loc":{"start":{"line":62,"column":18},"end":{"line":64,"column":3}},"line":62},"7":{"name":"(anonymous_7)","decl":{"start":{"line":66,"column":12},"end":{"line":66,"column":13}},"loc":{"start":{"line":66,"column":18},"end":{"line":68,"column":4}},"line":66},"8":{"name":"(anonymous_8)","decl":{"start":{"line":70,"column":12},"end":{"line":70,"column":13}},"loc":{"start":{"line":70,"column":18},"end":{"line":72,"column":3}},"line":70},"9":{"name":"(anonymous_9)","decl":{"start":{"line":78,"column":52},"end":{"line":78,"column":53}},"loc":{"start":{"line":78,"column":58},"end":{"line":78,"column":103}},"line":78},"10":{"name":"(anonymous_10)","decl":{"start":{"line":81,"column":28},"end":{"line":81,"column":29}},"loc":{"start":{"line":81,"column":39},"end":{"line":95,"column":9}},"line":81},"11":{"name":"(anonymous_11)","decl":{"start":{"line":98,"column":55},"end":{"line":98,"column":56}},"loc":{"start":{"line":98,"column":61},"end":{"line":98,"column":106}},"line":98}},"branchMap":{"0":{"loc":{"start":{"line":16,"column":4},"end":{"line":21,"column":3}},"type":"if","locations":[{"start":{"line":16,"column":4},"end":{"line":21,"column":3}},{"start":{},"end":{}}],"line":16},"1":{"loc":{"start":{"line":39,"column":4},"end":{"line":42,"column":5}},"type":"if","locations":[{"start":{"line":39,"column":4},"end":{"line":42,"column":5}},{"start":{},"end":{}}],"line":39},"2":{"loc":{"start":{"line":43,"column":4},"end":{"line":45,"column":5}},"type":"if","locations":[{"start":{"line":43,"column":4},"end":{"line":45,"column":5}},{"start":{},"end":{}}],"line":43},"3":{"loc":{"start":{"line":46,"column":4},"end":{"line":48,"column":5}},"type":"if","locations":[{"start":{"line":46,"column":4},"end":{"line":48,"column":5}},{"start":{},"end":{}}],"line":46},"4":{"loc":{"start":{"line":49,"column":4},"end":{"line":51,"column":5}},"type":"if","locations":[{"start":{"line":49,"column":4},"end":{"line":51,"column":5}},{"start":{},"end":{}}],"line":49},"5":{"loc":{"start":{"line":82,"column":10},"end":{"line":84,"column":11}},"type":"if","locations":[{"start":{"line":82,"column":10},"end":{"line":84,"column":11}},{"start":{},"end":{}}],"line":82}},"s":{"0":1,"1":20,"2":20,"3":20,"4":20,"5":20,"6":20,"7":20,"8":0,"9":0,"10":0,"11":0,"12":20,"13":0,"14":0,"15":20,"16":0,"17":0,"18":20,"19":15,"20":9,"21":9,"22":15,"23":6,"24":15,"25":15,"26":15,"27":0,"28":20,"29":5,"30":20,"31":5,"32":20,"33":5,"34":20,"35":5,"36":20,"37":15,"38":20,"39":0,"40":0,"41":48,"42":1,"43":48,"44":0,"45":0},"f":{"0":20,"1":0,"2":0,"3":15,"4":5,"5":5,"6":5,"7":5,"8":15,"9":0,"10":48,"11":0},"b":{"0":[0,20],"1":[9,6],"2":[6,9],"3":[15,0],"4":[0,15],"5":[1,47]},"_coverageSchema":"1a1c01bbd47fc00a2c39e90264f33305004495a9","hash":"f7babb95ee005823507bdda461638cdcd74d0544"}
,"/Users/ncassano/Desktop/FEC/rpp2205-atelier-new/client/src/components/related/SliderOutfit.jsx": {"path":"/Users/ncassano/Desktop/FEC/rpp2205-atelier-new/client/src/components/related/SliderOutfit.jsx","statementMap":{"0":{"start":{"line":7,"column":21},"end":{"line":109,"column":1}},"1":{"start":{"line":8,"column":30},"end":{"line":8,"column":41}},"2":{"start":{"line":9,"column":28},"end":{"line":9,"column":39}},"3":{"start":{"line":10,"column":37},"end":{"line":10,"column":48}},"4":{"start":{"line":11,"column":35},"end":{"line":11,"column":63}},"5":{"start":{"line":12,"column":37},"end":{"line":12,"column":66}},"6":{"start":{"line":13,"column":40},"end":{"line":13,"column":71}},"7":{"start":{"line":16,"column":2},"end":{"line":19,"column":3}},"8":{"start":{"line":17,"column":4},"end":{"line":17,"column":33}},"9":{"start":{"line":18,"column":4},"end":{"line":18,"column":40}},"10":{"start":{"line":22,"column":22},"end":{"line":26,"column":3}},"11":{"start":{"line":23,"column":4},"end":{"line":23,"column":32}},"12":{"start":{"line":25,"column":4},"end":{"line":25,"column":16}},"13":{"start":{"line":28,"column":21},"end":{"line":32,"column":3}},"14":{"start":{"line":29,"column":4},"end":{"line":29,"column":32}},"15":{"start":{"line":31,"column":4},"end":{"line":31,"column":16}},"16":{"start":{"line":34,"column":19},"end":{"line":48,"column":3}},"17":{"start":{"line":35,"column":4},"end":{"line":38,"column":5}},"18":{"start":{"line":36,"column":6},"end":{"line":36,"column":27}},"19":{"start":{"line":37,"column":6},"end":{"line":37,"column":26}},"20":{"start":{"line":39,"column":4},"end":{"line":41,"column":5}},"21":{"start":{"line":40,"column":6},"end":{"line":40,"column":38}},"22":{"start":{"line":42,"column":4},"end":{"line":44,"column":5}},"23":{"start":{"line":43,"column":6},"end":{"line":43,"column":26}},"24":{"start":{"line":45,"column":4},"end":{"line":47,"column":5}},"25":{"start":{"line":46,"column":6},"end":{"line":46,"column":36}},"26":{"start":{"line":50,"column":2},"end":{"line":52,"column":20}},"27":{"start":{"line":51,"column":4},"end":{"line":51,"column":28}},"28":{"start":{"line":54,"column":2},"end":{"line":56,"column":29}},"29":{"start":{"line":55,"column":4},"end":{"line":55,"column":39}},"30":{"start":{"line":58,"column":2},"end":{"line":60,"column":43}},"31":{"start":{"line":59,"column":3},"end":{"line":59,"column":52}},"32":{"start":{"line":62,"column":2},"end":{"line":64,"column":21}},"33":{"start":{"line":63,"column":4},"end":{"line":63,"column":28}},"34":{"start":{"line":66,"column":2},"end":{"line":68,"column":4}},"35":{"start":{"line":67,"column":4},"end":{"line":67,"column":16}},"36":{"start":{"line":72,"column":2},"end":{"line":108,"column":3}},"37":{"start":{"line":75,"column":59},"end":{"line":75,"column":86}},"38":{"start":{"line":75,"column":87},"end":{"line":75,"column":102}},"39":{"start":{"line":79,"column":10},"end":{"line":81,"column":11}},"40":{"start":{"line":80,"column":12},"end":{"line":80,"column":34}},"41":{"start":{"line":82,"column":10},"end":{"line":90,"column":11}},"42":{"start":{"line":83,"column":12},"end":{"line":89,"column":13}},"43":{"start":{"line":91,"column":12},"end":{"line":101,"column":13}},"44":{"start":{"line":105,"column":62},"end":{"line":105,"column":90}},"45":{"start":{"line":105,"column":91},"end":{"line":105,"column":105}}},"fnMap":{"0":{"name":"(anonymous_0)","decl":{"start":{"line":7,"column":21},"end":{"line":7,"column":22}},"loc":{"start":{"line":7,"column":37},"end":{"line":109,"column":1}},"line":7},"1":{"name":"(anonymous_1)","decl":{"start":{"line":22,"column":22},"end":{"line":22,"column":23}},"loc":{"start":{"line":22,"column":33},"end":{"line":26,"column":3}},"line":22},"2":{"name":"(anonymous_2)","decl":{"start":{"line":28,"column":21},"end":{"line":28,"column":22}},"loc":{"start":{"line":28,"column":32},"end":{"line":32,"column":3}},"line":28},"3":{"name":"(anonymous_3)","decl":{"start":{"line":34,"column":19},"end":{"line":34,"column":20}},"loc":{"start":{"line":34,"column":30},"end":{"line":48,"column":3}},"line":34},"4":{"name":"(anonymous_4)","decl":{"start":{"line":50,"column":12},"end":{"line":50,"column":13}},"loc":{"start":{"line":50,"column":18},"end":{"line":52,"column":3}},"line":50},"5":{"name":"(anonymous_5)","decl":{"start":{"line":54,"column":12},"end":{"line":54,"column":13}},"loc":{"start":{"line":54,"column":18},"end":{"line":56,"column":3}},"line":54},"6":{"name":"(anonymous_6)","decl":{"start":{"line":58,"column":12},"end":{"line":58,"column":13}},"loc":{"start":{"line":58,"column":18},"end":{"line":60,"column":3}},"line":58},"7":{"name":"(anonymous_7)","decl":{"start":{"line":62,"column":12},"end":{"line":62,"column":13}},"loc":{"start":{"line":62,"column":18},"end":{"line":64,"column":4}},"line":62},"8":{"name":"(anonymous_8)","decl":{"start":{"line":66,"column":12},"end":{"line":66,"column":13}},"loc":{"start":{"line":66,"column":18},"end":{"line":68,"column":3}},"line":66},"9":{"name":"(anonymous_9)","decl":{"start":{"line":75,"column":52},"end":{"line":75,"column":53}},"loc":{"start":{"line":75,"column":58},"end":{"line":75,"column":103}},"line":75},"10":{"name":"(anonymous_10)","decl":{"start":{"line":78,"column":28},"end":{"line":78,"column":29}},"loc":{"start":{"line":78,"column":39},"end":{"line":102,"column":9}},"line":78},"11":{"name":"(anonymous_11)","decl":{"start":{"line":105,"column":55},"end":{"line":105,"column":56}},"loc":{"start":{"line":105,"column":61},"end":{"line":105,"column":106}},"line":105}},"branchMap":{"0":{"loc":{"start":{"line":16,"column":2},"end":{"line":19,"column":3}},"type":"if","locations":[{"start":{"line":16,"column":2},"end":{"line":19,"column":3}},{"start":{},"end":{}}],"line":16},"1":{"loc":{"start":{"line":35,"column":4},"end":{"line":38,"column":5}},"type":"if","locations":[{"start":{"line":35,"column":4},"end":{"line":38,"column":5}},{"start":{},"end":{}}],"line":35},"2":{"loc":{"start":{"line":39,"column":4},"end":{"line":41,"column":5}},"type":"if","locations":[{"start":{"line":39,"column":4},"end":{"line":41,"column":5}},{"start":{},"end":{}}],"line":39},"3":{"loc":{"start":{"line":42,"column":4},"end":{"line":44,"column":5}},"type":"if","locations":[{"start":{"line":42,"column":4},"end":{"line":44,"column":5}},{"start":{},"end":{}}],"line":42},"4":{"loc":{"start":{"line":45,"column":4},"end":{"line":47,"column":5}},"type":"if","locations":[{"start":{"line":45,"column":4},"end":{"line":47,"column":5}},{"start":{},"end":{}}],"line":45},"5":{"loc":{"start":{"line":79,"column":10},"end":{"line":81,"column":11}},"type":"if","locations":[{"start":{"line":79,"column":10},"end":{"line":81,"column":11}},{"start":{},"end":{}}],"line":79},"6":{"loc":{"start":{"line":82,"column":10},"end":{"line":90,"column":11}},"type":"if","locations":[{"start":{"line":82,"column":10},"end":{"line":90,"column":11}},{"start":{},"end":{}}],"line":82}},"s":{"0":1,"1":14,"2":14,"3":14,"4":14,"5":14,"6":14,"7":14,"8":0,"9":0,"10":14,"11":0,"12":0,"13":14,"14":0,"15":0,"16":14,"17":10,"18":10,"19":10,"20":10,"21":0,"22":10,"23":10,"24":10,"25":0,"26":14,"27":4,"28":14,"29":4,"30":14,"31":4,"32":14,"33":4,"34":14,"35":10,"36":14,"37":0,"38":0,"39":26,"40":0,"41":26,"42":14,"43":12,"44":0,"45":0},"f":{"0":14,"1":0,"2":0,"3":10,"4":4,"5":4,"6":4,"7":4,"8":10,"9":0,"10":26,"11":0},"b":{"0":[0,14],"1":[10,0],"2":[0,10],"3":[10,0],"4":[0,10],"5":[0,26],"6":[14,12]},"_coverageSchema":"1a1c01bbd47fc00a2c39e90264f33305004495a9","hash":"bddf3ee8dbb7cf3b359dcc8c90bfc2b4f8d27ab0"}
,"/Users/ncassano/Desktop/FEC/rpp2205-atelier-new/client/src/components/related/noPhoto.js": {"path":"/Users/ncassano/Desktop/FEC/rpp2205-atelier-new/client/src/components/related/noPhoto.js","statementMap":{"0":{"start":{"line":1,"column":0},"end":{"line":1,"column":118}}},"fnMap":{},"branchMap":{},"s":{"0":1},"f":{},"b":{},"_coverageSchema":"1a1c01bbd47fc00a2c39e90264f33305004495a9","hash":"2dc51cf608790a033891012772a4c69d0d7cad2d"}
,"/Users/ncassano/Desktop/FEC/rpp2205-atelier-new/client/src/components/related/__related_tests_/RelatedExamples.js": {"path":"/Users/ncassano/Desktop/FEC/rpp2205-atelier-new/client/src/components/related/__related_tests_/RelatedExamples.js","statementMap":{"0":{"start":{"line":1,"column":20},"end":{"line":97,"column":1}},"1":{"start":{"line":101,"column":0},"end":{"line":101,"column":29}}},"fnMap":{},"branchMap":{},"s":{"0":1,"1":1},"f":{},"b":{},"_coverageSchema":"1a1c01bbd47fc00a2c39e90264f33305004495a9","hash":"2541f0baf1473bd82f83c3d35a05b760d3c7f571"}
}
