{"/Users/ncassano/Desktop/FEC/rpp2205-atelier-new/client/src/components/overview/StarReview.jsx": {"path":"/Users/ncassano/Desktop/FEC/rpp2205-atelier-new/client/src/components/overview/StarReview.jsx","statementMap":{"0":{"start":{"line":10,"column":4},"end":{"line":10,"column":17}},"1":{"start":{"line":11,"column":4},"end":{"line":15,"column":5}},"2":{"start":{"line":16,"column":4},"end":{"line":16,"column":49}},"3":{"start":{"line":23,"column":22},"end":{"line":23,"column":23}},"4":{"start":{"line":24,"column":16},"end":{"line":24,"column":17}},"5":{"start":{"line":25,"column":4},"end":{"line":28,"column":5}},"6":{"start":{"line":26,"column":6},"end":{"line":26,"column":62}},"7":{"start":{"line":27,"column":6},"end":{"line":27,"column":49}},"8":{"start":{"line":29,"column":20},"end":{"line":29,"column":39}},"9":{"start":{"line":32,"column":24},"end":{"line":32,"column":66}},"10":{"start":{"line":33,"column":23},"end":{"line":33,"column":34}},"11":{"start":{"line":34,"column":15},"end":{"line":34,"column":26}},"12":{"start":{"line":35,"column":4},"end":{"line":38,"column":5}},"13":{"start":{"line":35,"column":17},"end":{"line":35,"column":18}},"14":{"start":{"line":36,"column":6},"end":{"line":36,"column":23}},"15":{"start":{"line":37,"column":6},"end":{"line":37,"column":12}},"16":{"start":{"line":39,"column":4},"end":{"line":41,"column":5}},"17":{"start":{"line":40,"column":6},"end":{"line":40,"column":38}},"18":{"start":{"line":42,"column":4},"end":{"line":42,"column":38}},"19":{"start":{"line":47,"column":18},"end":{"line":47,"column":35}},"20":{"start":{"line":48,"column":23},"end":{"line":48,"column":39}},"21":{"start":{"line":49,"column":24},"end":{"line":49,"column":41}},"22":{"start":{"line":51,"column":4},"end":{"line":51,"column":43}},"23":{"start":{"line":52,"column":4},"end":{"line":52,"column":47}},"24":{"start":{"line":58,"column":18},"end":{"line":58,"column":35}},"25":{"start":{"line":59,"column":23},"end":{"line":59,"column":39}},"26":{"start":{"line":60,"column":24},"end":{"line":60,"column":41}},"27":{"start":{"line":61,"column":4},"end":{"line":65,"column":5}},"28":{"start":{"line":62,"column":6},"end":{"line":62,"column":50}},"29":{"start":{"line":63,"column":6},"end":{"line":63,"column":45}},"30":{"start":{"line":64,"column":6},"end":{"line":64,"column":49}},"31":{"start":{"line":69,"column":4},"end":{"line":137,"column":6}},"32":{"start":{"line":80,"column":12},"end":{"line":85,"column":13}},"33":{"start":{"line":81,"column":14},"end":{"line":84,"column":23}},"34":{"start":{"line":86,"column":12},"end":{"line":91,"column":13}},"35":{"start":{"line":87,"column":14},"end":{"line":90,"column":23}},"36":{"start":{"line":92,"column":12},"end":{"line":103,"column":13}},"37":{"start":{"line":93,"column":14},"end":{"line":102,"column":15}},"38":{"start":{"line":104,"column":12},"end":{"line":115,"column":13}},"39":{"start":{"line":105,"column":14},"end":{"line":114,"column":15}},"40":{"start":{"line":116,"column":12},"end":{"line":127,"column":13}},"41":{"start":{"line":117,"column":14},"end":{"line":126,"column":15}},"42":{"start":{"line":128,"column":12},"end":{"line":132,"column":13}}},"fnMap":{"0":{"name":"(anonymous_0)","decl":{"start":{"line":9,"column":2},"end":{"line":9,"column":3}},"loc":{"start":{"line":9,"column":21},"end":{"line":17,"column":3}},"line":9},"1":{"name":"(anonymous_1)","decl":{"start":{"line":21,"column":2},"end":{"line":21,"column":3}},"loc":{"start":{"line":21,"column":15},"end":{"line":43,"column":3}},"line":21},"2":{"name":"(anonymous_2)","decl":{"start":{"line":46,"column":2},"end":{"line":46,"column":3}},"loc":{"start":{"line":46,"column":22},"end":{"line":53,"column":3}},"line":46},"3":{"name":"(anonymous_3)","decl":{"start":{"line":56,"column":2},"end":{"line":56,"column":3}},"loc":{"start":{"line":56,"column":32},"end":{"line":66,"column":3}},"line":56},"4":{"name":"(anonymous_4)","decl":{"start":{"line":68,"column":2},"end":{"line":68,"column":3}},"loc":{"start":{"line":68,"column":11},"end":{"line":138,"column":3}},"line":68},"5":{"name":"(anonymous_5)","decl":{"start":{"line":79,"column":37},"end":{"line":79,"column":38}},"loc":{"start":{"line":79,"column":53},"end":{"line":133,"column":11}},"line":79}},"branchMap":{"0":{"loc":{"start":{"line":39,"column":4},"end":{"line":41,"column":5}},"type":"if","locations":[{"start":{"line":39,"column":4},"end":{"line":41,"column":5}},{"start":{},"end":{}}],"line":39},"1":{"loc":{"start":{"line":61,"column":4},"end":{"line":65,"column":5}},"type":"if","locations":[{"start":{"line":61,"column":4},"end":{"line":65,"column":5}},{"start":{},"end":{}}],"line":61},"2":{"loc":{"start":{"line":80,"column":12},"end":{"line":85,"column":13}},"type":"if","locations":[{"start":{"line":80,"column":12},"end":{"line":85,"column":13}},{"start":{},"end":{}}],"line":80},"3":{"loc":{"start":{"line":86,"column":12},"end":{"line":91,"column":13}},"type":"if","locations":[{"start":{"line":86,"column":12},"end":{"line":91,"column":13}},{"start":{},"end":{}}],"line":86},"4":{"loc":{"start":{"line":92,"column":12},"end":{"line":103,"column":13}},"type":"if","locations":[{"start":{"line":92,"column":12},"end":{"line":103,"column":13}},{"start":{},"end":{}}],"line":92},"5":{"loc":{"start":{"line":104,"column":12},"end":{"line":115,"column":13}},"type":"if","locations":[{"start":{"line":104,"column":12},"end":{"line":115,"column":13}},{"start":{},"end":{}}],"line":104},"6":{"loc":{"start":{"line":116,"column":12},"end":{"line":127,"column":13}},"type":"if","locations":[{"start":{"line":116,"column":12},"end":{"line":127,"column":13}},{"start":{},"end":{}}],"line":116}},"s":{"0":16,"1":16,"2":16,"3":60,"4":60,"5":60,"6":258,"7":258,"8":60,"9":60,"10":60,"11":60,"12":60,"13":60,"14":162,"15":162,"16":60,"17":60,"18":60,"19":16,"20":16,"21":16,"22":16,"23":16,"24":44,"25":44,"26":44,"27":44,"28":0,"29":0,"30":0,"31":60,"32":220,"33":133,"34":87,"35":56,"36":31,"37":9,"38":22,"39":9,"40":13,"41":9,"42":4},"f":{"0":16,"1":60,"2":16,"3":44,"4":60,"5":220},"b":{"0":[60,0],"1":[0,44],"2":[133,87],"3":[56,31],"4":[9,22],"5":[9,13],"6":[9,4]},"_coverageSchema":"1a1c01bbd47fc00a2c39e90264f33305004495a9","hash":"2908c05816d86d1d8d1eb727c1807836a201646f"}
,"/Users/ncassano/Desktop/FEC/rpp2205-atelier-new/client/src/components/related/Compare.jsx": {"path":"/Users/ncassano/Desktop/FEC/rpp2205-atelier-new/client/src/components/related/Compare.jsx","statementMap":{"0":{"start":{"line":7,"column":33},"end":{"line":7,"column":45}},"1":{"start":{"line":8,"column":43},"end":{"line":8,"column":55}},"2":{"start":{"line":11,"column":20},"end":{"line":24,"column":3}},"3":{"start":{"line":12,"column":4},"end":{"line":23,"column":6}},"4":{"start":{"line":18,"column":16},"end":{"line":18,"column":18}},"5":{"start":{"line":19,"column":6},"end":{"line":19,"column":31}},"6":{"start":{"line":20,"column":6},"end":{"line":20,"column":35}},"7":{"start":{"line":21,"column":6},"end":{"line":21,"column":43}},"8":{"start":{"line":22,"column":6},"end":{"line":22,"column":21}},"9":{"start":{"line":28,"column":28},"end":{"line":39,"column":3}},"10":{"start":{"line":29,"column":4},"end":{"line":38,"column":5}},"11":{"start":{"line":30,"column":26},"end":{"line":30,"column":28}},"12":{"start":{"line":31,"column":6},"end":{"line":36,"column":8}},"13":{"start":{"line":32,"column":8},"end":{"line":35,"column":9}},"14":{"start":{"line":37,"column":6},"end":{"line":37,"column":38}},"15":{"start":{"line":42,"column":2},"end":{"line":44,"column":19}},"16":{"start":{"line":43,"column":4},"end":{"line":43,"column":18}},"17":{"start":{"line":46,"column":2},"end":{"line":48,"column":25}},"18":{"start":{"line":47,"column":4},"end":{"line":47,"column":26}},"19":{"start":{"line":51,"column":2},"end":{"line":59,"column":9}}},"fnMap":{"0":{"name":"Compare","decl":{"start":{"line":5,"column":9},"end":{"line":5,"column":16}},"loc":{"start":{"line":5,"column":24},"end":{"line":61,"column":1}},"line":5},"1":{"name":"(anonymous_1)","decl":{"start":{"line":11,"column":20},"end":{"line":11,"column":21}},"loc":{"start":{"line":11,"column":31},"end":{"line":24,"column":3}},"line":11},"2":{"name":"(anonymous_2)","decl":{"start":{"line":17,"column":10},"end":{"line":17,"column":11}},"loc":{"start":{"line":17,"column":23},"end":{"line":23,"column":5}},"line":17},"3":{"name":"(anonymous_3)","decl":{"start":{"line":28,"column":28},"end":{"line":28,"column":29}},"loc":{"start":{"line":28,"column":39},"end":{"line":39,"column":3}},"line":28},"4":{"name":"(anonymous_4)","decl":{"start":{"line":31,"column":28},"end":{"line":31,"column":29}},"loc":{"start":{"line":31,"column":38},"end":{"line":36,"column":7}},"line":31},"5":{"name":"(anonymous_5)","decl":{"start":{"line":42,"column":12},"end":{"line":42,"column":13}},"loc":{"start":{"line":42,"column":18},"end":{"line":44,"column":3}},"line":42},"6":{"name":"(anonymous_6)","decl":{"start":{"line":46,"column":12},"end":{"line":46,"column":13}},"loc":{"start":{"line":46,"column":18},"end":{"line":48,"column":3}},"line":46}},"branchMap":{"0":{"loc":{"start":{"line":29,"column":4},"end":{"line":38,"column":5}},"type":"if","locations":[{"start":{"line":29,"column":4},"end":{"line":38,"column":5}},{"start":{},"end":{}}],"line":29},"1":{"loc":{"start":{"line":51,"column":9},"end":{"line":59,"column":8}},"type":"cond-expr","locations":[{"start":{"line":52,"column":4},"end":{"line":58,"column":10}},{"start":{"line":59,"column":6},"end":{"line":59,"column":8}}],"line":51}},"s":{"0":4,"1":4,"2":4,"3":2,"4":0,"5":0,"6":0,"7":0,"8":0,"9":4,"10":2,"11":0,"12":0,"13":0,"14":0,"15":4,"16":2,"17":4,"18":2,"19":4},"f":{"0":4,"1":2,"2":0,"3":2,"4":0,"5":2,"6":2},"b":{"0":[0,2],"1":[0,4]},"_coverageSchema":"1a1c01bbd47fc00a2c39e90264f33305004495a9","hash":"d24d1ea2824abdf49a8d530b7a1f8a903fb0e06f"}
,"/Users/ncassano/Desktop/FEC/rpp2205-atelier-new/client/src/components/related/CompareTable.jsx": {"path":"/Users/ncassano/Desktop/FEC/rpp2205-atelier-new/client/src/components/related/CompareTable.jsx","statementMap":{"0":{"start":{"line":7,"column":4},"end":{"line":7,"column":17}},"1":{"start":{"line":8,"column":4},"end":{"line":12,"column":5}},"2":{"start":{"line":14,"column":4},"end":{"line":14,"column":51}},"3":{"start":{"line":15,"column":4},"end":{"line":15,"column":61}},"4":{"start":{"line":16,"column":4},"end":{"line":16,"column":67}},"5":{"start":{"line":17,"column":4},"end":{"line":17,"column":57}},"6":{"start":{"line":18,"column":4},"end":{"line":18,"column":57}},"7":{"start":{"line":22,"column":4},"end":{"line":24,"column":5}},"8":{"start":{"line":23,"column":6},"end":{"line":23,"column":25}},"9":{"start":{"line":27,"column":19},"end":{"line":39,"column":3}},"10":{"start":{"line":28,"column":20},"end":{"line":28,"column":22}},"11":{"start":{"line":29,"column":4},"end":{"line":31,"column":6}},"12":{"start":{"line":30,"column":6},"end":{"line":30,"column":51}},"13":{"start":{"line":32,"column":4},"end":{"line":34,"column":6}},"14":{"start":{"line":33,"column":6},"end":{"line":33,"column":51}},"15":{"start":{"line":36,"column":19},"end":{"line":36,"column":41}},"16":{"start":{"line":37,"column":4},"end":{"line":37,"column":20}},"17":{"start":{"line":41,"column":21},"end":{"line":54,"column":3}},"18":{"start":{"line":42,"column":17},"end":{"line":42,"column":18}},"19":{"start":{"line":43,"column":4},"end":{"line":48,"column":4}},"20":{"start":{"line":44,"column":4},"end":{"line":47,"column":5}},"21":{"start":{"line":46,"column":6},"end":{"line":46,"column":14}},"22":{"start":{"line":49,"column":4},"end":{"line":53,"column":5}},"23":{"start":{"line":50,"column":6},"end":{"line":50,"column":18}},"24":{"start":{"line":52,"column":6},"end":{"line":52,"column":17}},"25":{"start":{"line":56,"column":24},"end":{"line":69,"column":3}},"26":{"start":{"line":57,"column":17},"end":{"line":57,"column":18}},"27":{"start":{"line":58,"column":4},"end":{"line":63,"column":6}},"28":{"start":{"line":59,"column":6},"end":{"line":62,"column":7}},"29":{"start":{"line":61,"column":8},"end":{"line":61,"column":17}},"30":{"start":{"line":64,"column":5},"end":{"line":68,"column":6}},"31":{"start":{"line":65,"column":7},"end":{"line":65,"column":19}},"32":{"start":{"line":67,"column":7},"end":{"line":67,"column":18}},"33":{"start":{"line":71,"column":19},"end":{"line":100,"column":3}},"34":{"start":{"line":72,"column":19},"end":{"line":72,"column":40}},"35":{"start":{"line":73,"column":22},"end":{"line":73,"column":24}},"36":{"start":{"line":74,"column":4},"end":{"line":97,"column":5}},"37":{"start":{"line":74,"column":17},"end":{"line":74,"column":18}},"38":{"start":{"line":75,"column":25},"end":{"line":75,"column":27}},"39":{"start":{"line":76,"column":24},"end":{"line":76,"column":58}},"40":{"start":{"line":77,"column":27},"end":{"line":77,"column":64}},"41":{"start":{"line":79,"column":6},"end":{"line":79,"column":36}},"42":{"start":{"line":81,"column":6},"end":{"line":95,"column":7}},"43":{"start":{"line":82,"column":8},"end":{"line":86,"column":10}},"44":{"start":{"line":83,"column":10},"end":{"line":85,"column":11}},"45":{"start":{"line":84,"column":12},"end":{"line":84,"column":44}},"46":{"start":{"line":87,"column":8},"end":{"line":91,"column":10}},"47":{"start":{"line":88,"column":10},"end":{"line":90,"column":11}},"48":{"start":{"line":89,"column":12},"end":{"line":89,"column":44}},"49":{"start":{"line":93,"column":8},"end":{"line":93,"column":54}},"50":{"start":{"line":94,"column":8},"end":{"line":94,"column":57}},"51":{"start":{"line":96,"column":6},"end":{"line":96,"column":37}},"52":{"start":{"line":98,"column":4},"end":{"line":98,"column":28}},"53":{"start":{"line":99,"column":4},"end":{"line":99,"column":23}},"54":{"start":{"line":102,"column":14},"end":{"line":108,"column":3}},"55":{"start":{"line":103,"column":4},"end":{"line":107,"column":5}},"56":{"start":{"line":104,"column":6},"end":{"line":104,"column":24}},"57":{"start":{"line":106,"column":6},"end":{"line":106,"column":17}},"58":{"start":{"line":110,"column":16},"end":{"line":117,"column":3}},"59":{"start":{"line":111,"column":4},"end":{"line":111,"column":32}},"60":{"start":{"line":112,"column":4},"end":{"line":116,"column":6}},"61":{"start":{"line":123,"column":5},"end":{"line":123,"column":26}},"62":{"start":{"line":124,"column":4},"end":{"line":163,"column":5}},"63":{"start":{"line":134,"column":13},"end":{"line":140,"column":13}}},"fnMap":{"0":{"name":"(anonymous_0)","decl":{"start":{"line":6,"column":2},"end":{"line":6,"column":3}},"loc":{"start":{"line":6,"column":21},"end":{"line":19,"column":3}},"line":6},"1":{"name":"(anonymous_1)","decl":{"start":{"line":21,"column":2},"end":{"line":21,"column":3}},"loc":{"start":{"line":21,"column":32},"end":{"line":25,"column":3}},"line":21},"2":{"name":"(anonymous_2)","decl":{"start":{"line":27,"column":19},"end":{"line":27,"column":20}},"loc":{"start":{"line":27,"column":30},"end":{"line":39,"column":3}},"line":27},"3":{"name":"(anonymous_3)","decl":{"start":{"line":29,"column":40},"end":{"line":29,"column":41}},"loc":{"start":{"line":29,"column":53},"end":{"line":31,"column":5}},"line":29},"4":{"name":"(anonymous_4)","decl":{"start":{"line":32,"column":61},"end":{"line":32,"column":62}},"loc":{"start":{"line":32,"column":74},"end":{"line":34,"column":5}},"line":32},"5":{"name":"(anonymous_5)","decl":{"start":{"line":41,"column":21},"end":{"line":41,"column":22}},"loc":{"start":{"line":41,"column":44},"end":{"line":54,"column":3}},"line":41},"6":{"name":"(anonymous_6)","decl":{"start":{"line":43,"column":40},"end":{"line":43,"column":41}},"loc":{"start":{"line":43,"column":53},"end":{"line":48,"column":3}},"line":43},"7":{"name":"(anonymous_7)","decl":{"start":{"line":56,"column":24},"end":{"line":56,"column":25}},"loc":{"start":{"line":56,"column":47},"end":{"line":69,"column":3}},"line":56},"8":{"name":"(anonymous_8)","decl":{"start":{"line":58,"column":61},"end":{"line":58,"column":62}},"loc":{"start":{"line":58,"column":74},"end":{"line":63,"column":5}},"line":58},"9":{"name":"(anonymous_9)","decl":{"start":{"line":71,"column":19},"end":{"line":71,"column":20}},"loc":{"start":{"line":71,"column":30},"end":{"line":100,"column":3}},"line":71},"10":{"name":"(anonymous_10)","decl":{"start":{"line":82,"column":44},"end":{"line":82,"column":45}},"loc":{"start":{"line":82,"column":57},"end":{"line":86,"column":9}},"line":82},"11":{"name":"(anonymous_11)","decl":{"start":{"line":87,"column":65},"end":{"line":87,"column":66}},"loc":{"start":{"line":87,"column":78},"end":{"line":91,"column":9}},"line":87},"12":{"name":"(anonymous_12)","decl":{"start":{"line":102,"column":14},"end":{"line":102,"column":15}},"loc":{"start":{"line":102,"column":30},"end":{"line":108,"column":3}},"line":102},"13":{"name":"(anonymous_13)","decl":{"start":{"line":110,"column":16},"end":{"line":110,"column":17}},"loc":{"start":{"line":110,"column":27},"end":{"line":117,"column":3}},"line":110},"14":{"name":"(anonymous_14)","decl":{"start":{"line":122,"column":2},"end":{"line":122,"column":3}},"loc":{"start":{"line":122,"column":11},"end":{"line":164,"column":3}},"line":122},"15":{"name":"(anonymous_15)","decl":{"start":{"line":133,"column":37},"end":{"line":133,"column":38}},"loc":{"start":{"line":133,"column":50},"end":{"line":141,"column":11}},"line":133}},"branchMap":{"0":{"loc":{"start":{"line":22,"column":4},"end":{"line":24,"column":5}},"type":"if","locations":[{"start":{"line":22,"column":4},"end":{"line":24,"column":5}},{"start":{},"end":{}}],"line":22},"1":{"loc":{"start":{"line":44,"column":4},"end":{"line":47,"column":5}},"type":"if","locations":[{"start":{"line":44,"column":4},"end":{"line":47,"column":5}},{"start":{},"end":{}}],"line":44},"2":{"loc":{"start":{"line":49,"column":4},"end":{"line":53,"column":5}},"type":"if","locations":[{"start":{"line":49,"column":4},"end":{"line":53,"column":5}},{"start":{"line":51,"column":11},"end":{"line":53,"column":5}}],"line":49},"3":{"loc":{"start":{"line":59,"column":6},"end":{"line":62,"column":7}},"type":"if","locations":[{"start":{"line":59,"column":6},"end":{"line":62,"column":7}},{"start":{},"end":{}}],"line":59},"4":{"loc":{"start":{"line":64,"column":5},"end":{"line":68,"column":6}},"type":"if","locations":[{"start":{"line":64,"column":5},"end":{"line":68,"column":6}},{"start":{"line":66,"column":12},"end":{"line":68,"column":6}}],"line":64},"5":{"loc":{"start":{"line":81,"column":6},"end":{"line":95,"column":7}},"type":"if","locations":[{"start":{"line":81,"column":6},"end":{"line":95,"column":7}},{"start":{"line":92,"column":13},"end":{"line":95,"column":7}}],"line":81},"6":{"loc":{"start":{"line":83,"column":10},"end":{"line":85,"column":11}},"type":"if","locations":[{"start":{"line":83,"column":10},"end":{"line":85,"column":11}},{"start":{},"end":{}}],"line":83},"7":{"loc":{"start":{"line":88,"column":10},"end":{"line":90,"column":11}},"type":"if","locations":[{"start":{"line":88,"column":10},"end":{"line":90,"column":11}},{"start":{},"end":{}}],"line":88},"8":{"loc":{"start":{"line":103,"column":4},"end":{"line":107,"column":5}},"type":"if","locations":[{"start":{"line":103,"column":4},"end":{"line":107,"column":5}},{"start":{"line":105,"column":11},"end":{"line":107,"column":5}}],"line":103}},"s":{"0":0,"1":0,"2":0,"3":0,"4":0,"5":0,"6":0,"7":0,"8":0,"9":0,"10":0,"11":0,"12":0,"13":0,"14":0,"15":0,"16":0,"17":0,"18":0,"19":0,"20":0,"21":0,"22":0,"23":0,"24":0,"25":0,"26":0,"27":0,"28":0,"29":0,"30":0,"31":0,"32":0,"33":0,"34":0,"35":0,"36":0,"37":0,"38":0,"39":0,"40":0,"41":0,"42":0,"43":0,"44":0,"45":0,"46":0,"47":0,"48":0,"49":0,"50":0,"51":0,"52":0,"53":0,"54":0,"55":0,"56":0,"57":0,"58":0,"59":0,"60":0,"61":0,"62":0,"63":0},"f":{"0":0,"1":0,"2":0,"3":0,"4":0,"5":0,"6":0,"7":0,"8":0,"9":0,"10":0,"11":0,"12":0,"13":0,"14":0,"15":0},"b":{"0":[0,0],"1":[0,0],"2":[0,0],"3":[0,0],"4":[0,0],"5":[0,0],"6":[0,0],"7":[0,0],"8":[0,0]},"_coverageSchema":"1a1c01bbd47fc00a2c39e90264f33305004495a9","hash":"c398b1a8f856026779d3c61a5610327e31dc5d45"}
,"/Users/ncassano/Desktop/FEC/rpp2205-atelier-new/client/src/components/related/Related.jsx": {"path":"/Users/ncassano/Desktop/FEC/rpp2205-atelier-new/client/src/components/related/Related.jsx","statementMap":{"0":{"start":{"line":15,"column":4},"end":{"line":15,"column":17}},"1":{"start":{"line":16,"column":4},"end":{"line":23,"column":5}},"2":{"start":{"line":24,"column":4},"end":{"line":24,"column":47}},"3":{"start":{"line":25,"column":4},"end":{"line":25,"column":49}},"4":{"start":{"line":26,"column":4},"end":{"line":26,"column":51}},"5":{"start":{"line":27,"column":4},"end":{"line":27,"column":61}},"6":{"start":{"line":28,"column":4},"end":{"line":28,"column":55}},"7":{"start":{"line":32,"column":4},"end":{"line":32,"column":22}},"8":{"start":{"line":33,"column":4},"end":{"line":33,"column":23}},"9":{"start":{"line":34,"column":4},"end":{"line":34,"column":22}},"10":{"start":{"line":39,"column":4},"end":{"line":42,"column":5}},"11":{"start":{"line":40,"column":6},"end":{"line":40,"column":25}},"12":{"start":{"line":41,"column":6},"end":{"line":41,"column":24}},"13":{"start":{"line":45,"column":15},"end":{"line":52,"column":3}},"14":{"start":{"line":46,"column":4},"end":{"line":51,"column":5}},"15":{"start":{"line":47,"column":6},"end":{"line":50,"column":7}},"16":{"start":{"line":48,"column":19},"end":{"line":48,"column":52}},"17":{"start":{"line":49,"column":8},"end":{"line":49,"column":44}},"18":{"start":{"line":54,"column":15},"end":{"line":59,"column":3}},"19":{"start":{"line":55,"column":16},"end":{"line":55,"column":46}},"20":{"start":{"line":56,"column":20},"end":{"line":56,"column":37}},"21":{"start":{"line":57,"column":5},"end":{"line":57,"column":39}},"22":{"start":{"line":61,"column":16},"end":{"line":95,"column":3}},"23":{"start":{"line":62,"column":4},"end":{"line":62,"column":23}},"24":{"start":{"line":63,"column":22},"end":{"line":63,"column":50}},"25":{"start":{"line":64,"column":24},"end":{"line":64,"column":28}},"26":{"start":{"line":65,"column":4},"end":{"line":69,"column":5}},"27":{"start":{"line":65,"column":17},"end":{"line":65,"column":18}},"28":{"start":{"line":66,"column":6},"end":{"line":68,"column":7}},"29":{"start":{"line":67,"column":8},"end":{"line":67,"column":30}},"30":{"start":{"line":71,"column":4},"end":{"line":94,"column":5}},"31":{"start":{"line":72,"column":6},"end":{"line":91,"column":10}},"32":{"start":{"line":78,"column":24},"end":{"line":78,"column":36}},"33":{"start":{"line":79,"column":30},"end":{"line":79,"column":47}},"34":{"start":{"line":80,"column":10},"end":{"line":82,"column":11}},"35":{"start":{"line":80,"column":23},"end":{"line":80,"column":24}},"36":{"start":{"line":81,"column":12},"end":{"line":81,"column":42}},"37":{"start":{"line":83,"column":11},"end":{"line":83,"column":49}},"38":{"start":{"line":84,"column":11},"end":{"line":84,"column":32}},"39":{"start":{"line":87,"column":30},"end":{"line":87,"column":53}},"40":{"start":{"line":89,"column":10},"end":{"line":89,"column":55}},"41":{"start":{"line":90,"column":10},"end":{"line":90,"column":33}},"42":{"start":{"line":93,"column":6},"end":{"line":93,"column":58}},"43":{"start":{"line":97,"column":21},"end":{"line":111,"column":3}},"44":{"start":{"line":98,"column":4},"end":{"line":98,"column":23}},"45":{"start":{"line":99,"column":20},"end":{"line":99,"column":40}},"46":{"start":{"line":100,"column":19},"end":{"line":100,"column":36}},"47":{"start":{"line":101,"column":20},"end":{"line":101,"column":22}},"48":{"start":{"line":102,"column":4},"end":{"line":106,"column":5}},"49":{"start":{"line":102,"column":17},"end":{"line":102,"column":18}},"50":{"start":{"line":103,"column":6},"end":{"line":105,"column":7}},"51":{"start":{"line":104,"column":8},"end":{"line":104,"column":35}},"52":{"start":{"line":107,"column":18},"end":{"line":107,"column":43}},"53":{"start":{"line":108,"column":4},"end":{"line":108,"column":37}},"54":{"start":{"line":109,"column":4},"end":{"line":109,"column":44}},"55":{"start":{"line":110,"column":4},"end":{"line":110,"column":21}},"56":{"start":{"line":114,"column":14},"end":{"line":118,"column":3}},"57":{"start":{"line":115,"column":17},"end":{"line":115,"column":44}},"58":{"start":{"line":116,"column":4},"end":{"line":116,"column":48}},"59":{"start":{"line":120,"column":15},"end":{"line":124,"column":3}},"60":{"start":{"line":121,"column":17},"end":{"line":121,"column":44}},"61":{"start":{"line":123,"column":4},"end":{"line":123,"column":48}},"62":{"start":{"line":127,"column":16},"end":{"line":136,"column":3}},"63":{"start":{"line":128,"column":4},"end":{"line":135,"column":6}},"64":{"start":{"line":134,"column":6},"end":{"line":134,"column":45}},"65":{"start":{"line":138,"column":18},"end":{"line":146,"column":3}},"66":{"start":{"line":139,"column":4},"end":{"line":139,"column":23}},"67":{"start":{"line":140,"column":4},"end":{"line":145,"column":5}},"68":{"start":{"line":141,"column":6},"end":{"line":141,"column":39}},"69":{"start":{"line":143,"column":6},"end":{"line":143,"column":51}},"70":{"start":{"line":144,"column":6},"end":{"line":144,"column":38}},"71":{"start":{"line":151,"column":4},"end":{"line":168,"column":5}},"72":{"start":{"line":157,"column":181},"end":{"line":157,"column":202}},"73":{"start":{"line":163,"column":82},"end":{"line":163,"column":101}},"74":{"start":{"line":163,"column":120},"end":{"line":163,"column":144}},"75":{"start":{"line":166,"column":162},"end":{"line":166,"column":183}}},"fnMap":{"0":{"name":"(anonymous_0)","decl":{"start":{"line":14,"column":2},"end":{"line":14,"column":3}},"loc":{"start":{"line":14,"column":21},"end":{"line":29,"column":3}},"line":14},"1":{"name":"(anonymous_1)","decl":{"start":{"line":31,"column":2},"end":{"line":31,"column":3}},"loc":{"start":{"line":31,"column":22},"end":{"line":35,"column":3}},"line":31},"2":{"name":"(anonymous_2)","decl":{"start":{"line":37,"column":2},"end":{"line":37,"column":3}},"loc":{"start":{"line":37,"column":32},"end":{"line":43,"column":3}},"line":37},"3":{"name":"(anonymous_3)","decl":{"start":{"line":45,"column":15},"end":{"line":45,"column":16}},"loc":{"start":{"line":45,"column":26},"end":{"line":52,"column":3}},"line":45},"4":{"name":"(anonymous_4)","decl":{"start":{"line":54,"column":15},"end":{"line":54,"column":16}},"loc":{"start":{"line":54,"column":25},"end":{"line":59,"column":3}},"line":54},"5":{"name":"(anonymous_5)","decl":{"start":{"line":61,"column":16},"end":{"line":61,"column":17}},"loc":{"start":{"line":61,"column":28},"end":{"line":95,"column":3}},"line":61},"6":{"name":"(anonymous_6)","decl":{"start":{"line":77,"column":14},"end":{"line":77,"column":15}},"loc":{"start":{"line":77,"column":27},"end":{"line":85,"column":9}},"line":77},"7":{"name":"(anonymous_7)","decl":{"start":{"line":86,"column":14},"end":{"line":86,"column":15}},"loc":{"start":{"line":86,"column":27},"end":{"line":91,"column":9}},"line":86},"8":{"name":"(anonymous_8)","decl":{"start":{"line":97,"column":21},"end":{"line":97,"column":22}},"loc":{"start":{"line":97,"column":33},"end":{"line":111,"column":3}},"line":97},"9":{"name":"(anonymous_9)","decl":{"start":{"line":114,"column":14},"end":{"line":114,"column":15}},"loc":{"start":{"line":114,"column":22},"end":{"line":118,"column":3}},"line":114},"10":{"name":"(anonymous_10)","decl":{"start":{"line":120,"column":15},"end":{"line":120,"column":16}},"loc":{"start":{"line":120,"column":23},"end":{"line":124,"column":3}},"line":120},"11":{"name":"(anonymous_11)","decl":{"start":{"line":127,"column":16},"end":{"line":127,"column":17}},"loc":{"start":{"line":127,"column":22},"end":{"line":136,"column":3}},"line":127},"12":{"name":"(anonymous_12)","decl":{"start":{"line":133,"column":10},"end":{"line":133,"column":11}},"loc":{"start":{"line":133,"column":23},"end":{"line":135,"column":5}},"line":133},"13":{"name":"(anonymous_13)","decl":{"start":{"line":138,"column":18},"end":{"line":138,"column":19}},"loc":{"start":{"line":138,"column":30},"end":{"line":146,"column":3}},"line":138},"14":{"name":"(anonymous_14)","decl":{"start":{"line":150,"column":2},"end":{"line":150,"column":3}},"loc":{"start":{"line":150,"column":11},"end":{"line":169,"column":3}},"line":150},"15":{"name":"(anonymous_15)","decl":{"start":{"line":157,"column":173},"end":{"line":157,"column":174}},"loc":{"start":{"line":157,"column":180},"end":{"line":157,"column":203}},"line":157},"16":{"name":"(anonymous_16)","decl":{"start":{"line":163,"column":74},"end":{"line":163,"column":75}},"loc":{"start":{"line":163,"column":81},"end":{"line":163,"column":102}},"line":163},"17":{"name":"(anonymous_17)","decl":{"start":{"line":163,"column":112},"end":{"line":163,"column":113}},"loc":{"start":{"line":163,"column":119},"end":{"line":163,"column":145}},"line":163},"18":{"name":"(anonymous_18)","decl":{"start":{"line":166,"column":154},"end":{"line":166,"column":155}},"loc":{"start":{"line":166,"column":161},"end":{"line":166,"column":184}},"line":166}},"branchMap":{"0":{"loc":{"start":{"line":39,"column":4},"end":{"line":42,"column":5}},"type":"if","locations":[{"start":{"line":39,"column":4},"end":{"line":42,"column":5}},{"start":{},"end":{}}],"line":39},"1":{"loc":{"start":{"line":46,"column":4},"end":{"line":51,"column":5}},"type":"if","locations":[{"start":{"line":46,"column":4},"end":{"line":51,"column":5}},{"start":{},"end":{}}],"line":46},"2":{"loc":{"start":{"line":47,"column":6},"end":{"line":50,"column":7}},"type":"if","locations":[{"start":{"line":47,"column":6},"end":{"line":50,"column":7}},{"start":{},"end":{}}],"line":47},"3":{"loc":{"start":{"line":66,"column":6},"end":{"line":68,"column":7}},"type":"if","locations":[{"start":{"line":66,"column":6},"end":{"line":68,"column":7}},{"start":{},"end":{}}],"line":66},"4":{"loc":{"start":{"line":71,"column":4},"end":{"line":94,"column":5}},"type":"if","locations":[{"start":{"line":71,"column":4},"end":{"line":94,"column":5}},{"start":{"line":92,"column":11},"end":{"line":94,"column":5}}],"line":71},"5":{"loc":{"start":{"line":103,"column":6},"end":{"line":105,"column":7}},"type":"if","locations":[{"start":{"line":103,"column":6},"end":{"line":105,"column":7}},{"start":{},"end":{}}],"line":103},"6":{"loc":{"start":{"line":140,"column":4},"end":{"line":145,"column":5}},"type":"if","locations":[{"start":{"line":140,"column":4},"end":{"line":145,"column":5}},{"start":{"line":142,"column":11},"end":{"line":145,"column":5}}],"line":140}},"s":{"0":2,"1":2,"2":2,"3":2,"4":2,"5":2,"6":2,"7":2,"8":2,"9":2,"10":2,"11":0,"12":0,"13":2,"14":2,"15":2,"16":1,"17":1,"18":2,"19":2,"20":2,"21":2,"22":2,"23":0,"24":0,"25":0,"26":0,"27":0,"28":0,"29":0,"30":0,"31":0,"32":0,"33":0,"34":0,"35":0,"36":0,"37":0,"38":0,"39":0,"40":0,"41":0,"42":0,"43":2,"44":0,"45":0,"46":0,"47":0,"48":0,"49":0,"50":0,"51":0,"52":0,"53":0,"54":0,"55":0,"56":2,"57":0,"58":0,"59":2,"60":0,"61":0,"62":2,"63":2,"64":2,"65":2,"66":0,"67":0,"68":0,"69":0,"70":0,"71":4,"72":0,"73":0,"74":0,"75":0},"f":{"0":2,"1":2,"2":2,"3":2,"4":2,"5":0,"6":0,"7":0,"8":0,"9":0,"10":0,"11":2,"12":2,"13":0,"14":4,"15":0,"16":0,"17":0,"18":0},"b":{"0":[0,2],"1":[2,0],"2":[1,1],"3":[0,0],"4":[0,0],"5":[0,0],"6":[0,0]},"_coverageSchema":"1a1c01bbd47fc00a2c39e90264f33305004495a9","hash":"4b1d070829f24909965ee3dac2abbc3d4e7e7cbd"}
,"/Users/ncassano/Desktop/FEC/rpp2205-atelier-new/client/src/components/related/Slider.jsx": {"path":"/Users/ncassano/Desktop/FEC/rpp2205-atelier-new/client/src/components/related/Slider.jsx","statementMap":{"0":{"start":{"line":8,"column":15},"end":{"line":104,"column":1}},"1":{"start":{"line":9,"column":30},"end":{"line":9,"column":41}},"2":{"start":{"line":10,"column":28},"end":{"line":10,"column":39}},"3":{"start":{"line":11,"column":37},"end":{"line":11,"column":48}},"4":{"start":{"line":12,"column":35},"end":{"line":12,"column":63}},"5":{"start":{"line":13,"column":37},"end":{"line":13,"column":66}},"6":{"start":{"line":14,"column":40},"end":{"line":14,"column":71}},"7":{"start":{"line":17,"column":4},"end":{"line":22,"column":3}},"8":{"start":{"line":18,"column":21},"end":{"line":18,"column":58}},"9":{"start":{"line":19,"column":21},"end":{"line":19,"column":47}},"10":{"start":{"line":20,"column":4},"end":{"line":20,"column":46}},"11":{"start":{"line":21,"column":4},"end":{"line":21,"column":40}},"12":{"start":{"line":27,"column":22},"end":{"line":31,"column":3}},"13":{"start":{"line":28,"column":4},"end":{"line":28,"column":32}},"14":{"start":{"line":30,"column":4},"end":{"line":30,"column":16}},"15":{"start":{"line":33,"column":21},"end":{"line":37,"column":3}},"16":{"start":{"line":34,"column":4},"end":{"line":34,"column":32}},"17":{"start":{"line":36,"column":4},"end":{"line":36,"column":16}},"18":{"start":{"line":39,"column":19},"end":{"line":53,"column":3}},"19":{"start":{"line":40,"column":4},"end":{"line":43,"column":5}},"20":{"start":{"line":41,"column":6},"end":{"line":41,"column":27}},"21":{"start":{"line":42,"column":6},"end":{"line":42,"column":26}},"22":{"start":{"line":44,"column":4},"end":{"line":46,"column":5}},"23":{"start":{"line":45,"column":6},"end":{"line":45,"column":38}},"24":{"start":{"line":47,"column":4},"end":{"line":49,"column":5}},"25":{"start":{"line":48,"column":6},"end":{"line":48,"column":26}},"26":{"start":{"line":50,"column":4},"end":{"line":52,"column":5}},"27":{"start":{"line":51,"column":6},"end":{"line":51,"column":36}},"28":{"start":{"line":55,"column":2},"end":{"line":57,"column":20}},"29":{"start":{"line":56,"column":4},"end":{"line":56,"column":28}},"30":{"start":{"line":59,"column":2},"end":{"line":61,"column":29}},"31":{"start":{"line":60,"column":4},"end":{"line":60,"column":39}},"32":{"start":{"line":63,"column":2},"end":{"line":65,"column":43}},"33":{"start":{"line":64,"column":3},"end":{"line":64,"column":52}},"34":{"start":{"line":67,"column":2},"end":{"line":69,"column":21}},"35":{"start":{"line":68,"column":4},"end":{"line":68,"column":28}},"36":{"start":{"line":71,"column":2},"end":{"line":73,"column":4}},"37":{"start":{"line":72,"column":4},"end":{"line":72,"column":16}},"38":{"start":{"line":76,"column":2},"end":{"line":103,"column":3}},"39":{"start":{"line":79,"column":60},"end":{"line":79,"column":87}},"40":{"start":{"line":79,"column":88},"end":{"line":79,"column":103}},"41":{"start":{"line":83,"column":12},"end":{"line":85,"column":13}},"42":{"start":{"line":84,"column":14},"end":{"line":84,"column":36}},"43":{"start":{"line":86,"column":14},"end":{"line":97,"column":15}},"44":{"start":{"line":101,"column":64},"end":{"line":101,"column":92}},"45":{"start":{"line":101,"column":93},"end":{"line":101,"column":107}}},"fnMap":{"0":{"name":"(anonymous_0)","decl":{"start":{"line":8,"column":15},"end":{"line":8,"column":16}},"loc":{"start":{"line":8,"column":31},"end":{"line":104,"column":1}},"line":8},"1":{"name":"(anonymous_1)","decl":{"start":{"line":27,"column":22},"end":{"line":27,"column":23}},"loc":{"start":{"line":27,"column":33},"end":{"line":31,"column":3}},"line":27},"2":{"name":"(anonymous_2)","decl":{"start":{"line":33,"column":21},"end":{"line":33,"column":22}},"loc":{"start":{"line":33,"column":32},"end":{"line":37,"column":3}},"line":33},"3":{"name":"(anonymous_3)","decl":{"start":{"line":39,"column":19},"end":{"line":39,"column":20}},"loc":{"start":{"line":39,"column":30},"end":{"line":53,"column":3}},"line":39},"4":{"name":"(anonymous_4)","decl":{"start":{"line":55,"column":12},"end":{"line":55,"column":13}},"loc":{"start":{"line":55,"column":18},"end":{"line":57,"column":3}},"line":55},"5":{"name":"(anonymous_5)","decl":{"start":{"line":59,"column":12},"end":{"line":59,"column":13}},"loc":{"start":{"line":59,"column":18},"end":{"line":61,"column":3}},"line":59},"6":{"name":"(anonymous_6)","decl":{"start":{"line":63,"column":12},"end":{"line":63,"column":13}},"loc":{"start":{"line":63,"column":18},"end":{"line":65,"column":3}},"line":63},"7":{"name":"(anonymous_7)","decl":{"start":{"line":67,"column":12},"end":{"line":67,"column":13}},"loc":{"start":{"line":67,"column":18},"end":{"line":69,"column":4}},"line":67},"8":{"name":"(anonymous_8)","decl":{"start":{"line":71,"column":12},"end":{"line":71,"column":13}},"loc":{"start":{"line":71,"column":18},"end":{"line":73,"column":3}},"line":71},"9":{"name":"(anonymous_9)","decl":{"start":{"line":79,"column":53},"end":{"line":79,"column":54}},"loc":{"start":{"line":79,"column":59},"end":{"line":79,"column":104}},"line":79},"10":{"name":"(anonymous_10)","decl":{"start":{"line":82,"column":30},"end":{"line":82,"column":31}},"loc":{"start":{"line":82,"column":41},"end":{"line":98,"column":11}},"line":82},"11":{"name":"(anonymous_11)","decl":{"start":{"line":101,"column":57},"end":{"line":101,"column":58}},"loc":{"start":{"line":101,"column":63},"end":{"line":101,"column":108}},"line":101}},"branchMap":{"0":{"loc":{"start":{"line":17,"column":4},"end":{"line":22,"column":3}},"type":"if","locations":[{"start":{"line":17,"column":4},"end":{"line":22,"column":3}},{"start":{},"end":{}}],"line":17},"1":{"loc":{"start":{"line":40,"column":4},"end":{"line":43,"column":5}},"type":"if","locations":[{"start":{"line":40,"column":4},"end":{"line":43,"column":5}},{"start":{},"end":{}}],"line":40},"2":{"loc":{"start":{"line":44,"column":4},"end":{"line":46,"column":5}},"type":"if","locations":[{"start":{"line":44,"column":4},"end":{"line":46,"column":5}},{"start":{},"end":{}}],"line":44},"3":{"loc":{"start":{"line":47,"column":4},"end":{"line":49,"column":5}},"type":"if","locations":[{"start":{"line":47,"column":4},"end":{"line":49,"column":5}},{"start":{},"end":{}}],"line":47},"4":{"loc":{"start":{"line":50,"column":4},"end":{"line":52,"column":5}},"type":"if","locations":[{"start":{"line":50,"column":4},"end":{"line":52,"column":5}},{"start":{},"end":{}}],"line":50},"5":{"loc":{"start":{"line":83,"column":12},"end":{"line":85,"column":13}},"type":"if","locations":[{"start":{"line":83,"column":12},"end":{"line":85,"column":13}},{"start":{},"end":{}}],"line":83}},"s":{"0":1,"1":20,"2":20,"3":20,"4":20,"5":20,"6":20,"7":20,"8":0,"9":0,"10":0,"11":0,"12":20,"13":0,"14":0,"15":20,"16":0,"17":0,"18":20,"19":15,"20":9,"21":9,"22":15,"23":6,"24":15,"25":15,"26":15,"27":0,"28":20,"29":5,"30":20,"31":5,"32":20,"33":5,"34":20,"35":5,"36":20,"37":15,"38":20,"39":0,"40":0,"41":48,"42":1,"43":48,"44":0,"45":0},"f":{"0":20,"1":0,"2":0,"3":15,"4":5,"5":5,"6":5,"7":5,"8":15,"9":0,"10":48,"11":0},"b":{"0":[0,20],"1":[9,6],"2":[6,9],"3":[15,0],"4":[0,15],"5":[1,47]},"_coverageSchema":"1a1c01bbd47fc00a2c39e90264f33305004495a9","hash":"64024906c70f82dfe519b9c0b6269c64f96163b9"}
,"/Users/ncassano/Desktop/FEC/rpp2205-atelier-new/client/src/components/related/SliderOutfit.jsx": {"path":"/Users/ncassano/Desktop/FEC/rpp2205-atelier-new/client/src/components/related/SliderOutfit.jsx","statementMap":{"0":{"start":{"line":7,"column":21},"end":{"line":109,"column":1}},"1":{"start":{"line":8,"column":30},"end":{"line":8,"column":41}},"2":{"start":{"line":9,"column":28},"end":{"line":9,"column":39}},"3":{"start":{"line":10,"column":37},"end":{"line":10,"column":48}},"4":{"start":{"line":11,"column":35},"end":{"line":11,"column":63}},"5":{"start":{"line":12,"column":37},"end":{"line":12,"column":66}},"6":{"start":{"line":13,"column":40},"end":{"line":13,"column":71}},"7":{"start":{"line":16,"column":2},"end":{"line":19,"column":3}},"8":{"start":{"line":17,"column":4},"end":{"line":17,"column":33}},"9":{"start":{"line":18,"column":4},"end":{"line":18,"column":40}},"10":{"start":{"line":22,"column":22},"end":{"line":26,"column":3}},"11":{"start":{"line":23,"column":4},"end":{"line":23,"column":32}},"12":{"start":{"line":25,"column":4},"end":{"line":25,"column":16}},"13":{"start":{"line":28,"column":21},"end":{"line":32,"column":3}},"14":{"start":{"line":29,"column":4},"end":{"line":29,"column":32}},"15":{"start":{"line":31,"column":4},"end":{"line":31,"column":16}},"16":{"start":{"line":34,"column":19},"end":{"line":48,"column":3}},"17":{"start":{"line":35,"column":4},"end":{"line":38,"column":5}},"18":{"start":{"line":36,"column":6},"end":{"line":36,"column":27}},"19":{"start":{"line":37,"column":6},"end":{"line":37,"column":26}},"20":{"start":{"line":39,"column":4},"end":{"line":41,"column":5}},"21":{"start":{"line":40,"column":6},"end":{"line":40,"column":38}},"22":{"start":{"line":42,"column":4},"end":{"line":44,"column":5}},"23":{"start":{"line":43,"column":6},"end":{"line":43,"column":26}},"24":{"start":{"line":45,"column":4},"end":{"line":47,"column":5}},"25":{"start":{"line":46,"column":6},"end":{"line":46,"column":36}},"26":{"start":{"line":50,"column":2},"end":{"line":52,"column":20}},"27":{"start":{"line":51,"column":4},"end":{"line":51,"column":28}},"28":{"start":{"line":54,"column":2},"end":{"line":56,"column":29}},"29":{"start":{"line":55,"column":4},"end":{"line":55,"column":39}},"30":{"start":{"line":58,"column":2},"end":{"line":60,"column":43}},"31":{"start":{"line":59,"column":3},"end":{"line":59,"column":52}},"32":{"start":{"line":62,"column":2},"end":{"line":64,"column":21}},"33":{"start":{"line":63,"column":4},"end":{"line":63,"column":28}},"34":{"start":{"line":66,"column":2},"end":{"line":68,"column":4}},"35":{"start":{"line":67,"column":4},"end":{"line":67,"column":16}},"36":{"start":{"line":72,"column":2},"end":{"line":108,"column":3}},"37":{"start":{"line":75,"column":59},"end":{"line":75,"column":86}},"38":{"start":{"line":75,"column":87},"end":{"line":75,"column":102}},"39":{"start":{"line":79,"column":10},"end":{"line":81,"column":11}},"40":{"start":{"line":80,"column":12},"end":{"line":80,"column":34}},"41":{"start":{"line":82,"column":10},"end":{"line":90,"column":11}},"42":{"start":{"line":83,"column":12},"end":{"line":89,"column":13}},"43":{"start":{"line":91,"column":12},"end":{"line":101,"column":13}},"44":{"start":{"line":93,"column":174},"end":{"line":93,"column":193}},"45":{"start":{"line":105,"column":62},"end":{"line":105,"column":90}},"46":{"start":{"line":105,"column":91},"end":{"line":105,"column":105}}},"fnMap":{"0":{"name":"(anonymous_0)","decl":{"start":{"line":7,"column":21},"end":{"line":7,"column":22}},"loc":{"start":{"line":7,"column":37},"end":{"line":109,"column":1}},"line":7},"1":{"name":"(anonymous_1)","decl":{"start":{"line":22,"column":22},"end":{"line":22,"column":23}},"loc":{"start":{"line":22,"column":33},"end":{"line":26,"column":3}},"line":22},"2":{"name":"(anonymous_2)","decl":{"start":{"line":28,"column":21},"end":{"line":28,"column":22}},"loc":{"start":{"line":28,"column":32},"end":{"line":32,"column":3}},"line":28},"3":{"name":"(anonymous_3)","decl":{"start":{"line":34,"column":19},"end":{"line":34,"column":20}},"loc":{"start":{"line":34,"column":30},"end":{"line":48,"column":3}},"line":34},"4":{"name":"(anonymous_4)","decl":{"start":{"line":50,"column":12},"end":{"line":50,"column":13}},"loc":{"start":{"line":50,"column":18},"end":{"line":52,"column":3}},"line":50},"5":{"name":"(anonymous_5)","decl":{"start":{"line":54,"column":12},"end":{"line":54,"column":13}},"loc":{"start":{"line":54,"column":18},"end":{"line":56,"column":3}},"line":54},"6":{"name":"(anonymous_6)","decl":{"start":{"line":58,"column":12},"end":{"line":58,"column":13}},"loc":{"start":{"line":58,"column":18},"end":{"line":60,"column":3}},"line":58},"7":{"name":"(anonymous_7)","decl":{"start":{"line":62,"column":12},"end":{"line":62,"column":13}},"loc":{"start":{"line":62,"column":18},"end":{"line":64,"column":4}},"line":62},"8":{"name":"(anonymous_8)","decl":{"start":{"line":66,"column":12},"end":{"line":66,"column":13}},"loc":{"start":{"line":66,"column":18},"end":{"line":68,"column":3}},"line":66},"9":{"name":"(anonymous_9)","decl":{"start":{"line":75,"column":52},"end":{"line":75,"column":53}},"loc":{"start":{"line":75,"column":58},"end":{"line":75,"column":103}},"line":75},"10":{"name":"(anonymous_10)","decl":{"start":{"line":78,"column":28},"end":{"line":78,"column":29}},"loc":{"start":{"line":78,"column":39},"end":{"line":102,"column":9}},"line":78},"11":{"name":"(anonymous_11)","decl":{"start":{"line":93,"column":165},"end":{"line":93,"column":166}},"loc":{"start":{"line":93,"column":172},"end":{"line":93,"column":194}},"line":93},"12":{"name":"(anonymous_12)","decl":{"start":{"line":105,"column":55},"end":{"line":105,"column":56}},"loc":{"start":{"line":105,"column":61},"end":{"line":105,"column":106}},"line":105}},"branchMap":{"0":{"loc":{"start":{"line":16,"column":2},"end":{"line":19,"column":3}},"type":"if","locations":[{"start":{"line":16,"column":2},"end":{"line":19,"column":3}},{"start":{},"end":{}}],"line":16},"1":{"loc":{"start":{"line":35,"column":4},"end":{"line":38,"column":5}},"type":"if","locations":[{"start":{"line":35,"column":4},"end":{"line":38,"column":5}},{"start":{},"end":{}}],"line":35},"2":{"loc":{"start":{"line":39,"column":4},"end":{"line":41,"column":5}},"type":"if","locations":[{"start":{"line":39,"column":4},"end":{"line":41,"column":5}},{"start":{},"end":{}}],"line":39},"3":{"loc":{"start":{"line":42,"column":4},"end":{"line":44,"column":5}},"type":"if","locations":[{"start":{"line":42,"column":4},"end":{"line":44,"column":5}},{"start":{},"end":{}}],"line":42},"4":{"loc":{"start":{"line":45,"column":4},"end":{"line":47,"column":5}},"type":"if","locations":[{"start":{"line":45,"column":4},"end":{"line":47,"column":5}},{"start":{},"end":{}}],"line":45},"5":{"loc":{"start":{"line":79,"column":10},"end":{"line":81,"column":11}},"type":"if","locations":[{"start":{"line":79,"column":10},"end":{"line":81,"column":11}},{"start":{},"end":{}}],"line":79},"6":{"loc":{"start":{"line":82,"column":10},"end":{"line":90,"column":11}},"type":"if","locations":[{"start":{"line":82,"column":10},"end":{"line":90,"column":11}},{"start":{},"end":{}}],"line":82}},"s":{"0":1,"1":14,"2":14,"3":14,"4":14,"5":14,"6":14,"7":14,"8":0,"9":0,"10":14,"11":0,"12":0,"13":14,"14":0,"15":0,"16":14,"17":10,"18":10,"19":10,"20":10,"21":0,"22":10,"23":10,"24":10,"25":0,"26":14,"27":4,"28":14,"29":4,"30":14,"31":4,"32":14,"33":4,"34":14,"35":10,"36":14,"37":0,"38":0,"39":26,"40":0,"41":26,"42":14,"43":12,"44":0,"45":0,"46":0},"f":{"0":14,"1":0,"2":0,"3":10,"4":4,"5":4,"6":4,"7":4,"8":10,"9":0,"10":26,"11":0,"12":0},"b":{"0":[0,14],"1":[10,0],"2":[0,10],"3":[10,0],"4":[0,10],"5":[0,26],"6":[14,12]},"_coverageSchema":"1a1c01bbd47fc00a2c39e90264f33305004495a9","hash":"64c8b9715868feb3e7ac4b53b0f6c91cc89ce416"}
,"/Users/ncassano/Desktop/FEC/rpp2205-atelier-new/client/src/components/related/noPhoto.js": {"path":"/Users/ncassano/Desktop/FEC/rpp2205-atelier-new/client/src/components/related/noPhoto.js","statementMap":{"0":{"start":{"line":1,"column":0},"end":{"line":1,"column":118}}},"fnMap":{},"branchMap":{},"s":{"0":1},"f":{},"b":{},"_coverageSchema":"1a1c01bbd47fc00a2c39e90264f33305004495a9","hash":"2dc51cf608790a033891012772a4c69d0d7cad2d"}
,"/Users/ncassano/Desktop/FEC/rpp2205-atelier-new/client/src/components/related/__related_tests_/RelatedExamples.js": {"path":"/Users/ncassano/Desktop/FEC/rpp2205-atelier-new/client/src/components/related/__related_tests_/RelatedExamples.js","statementMap":{"0":{"start":{"line":1,"column":20},"end":{"line":97,"column":1}},"1":{"start":{"line":101,"column":0},"end":{"line":101,"column":29}}},"fnMap":{},"branchMap":{},"s":{"0":1,"1":1},"f":{},"b":{},"_coverageSchema":"1a1c01bbd47fc00a2c39e90264f33305004495a9","hash":"2541f0baf1473bd82f83c3d35a05b760d3c7f571"}
}
