TN:
SF:client/src/components/overview/StarReview.jsx
FN:9,(anonymous_0)
FN:21,(anonymous_1)
FN:46,(anonymous_2)
FN:56,(anonymous_3)
FN:68,(anonymous_4)
FN:79,(anonymous_5)
FNF:6
FNH:6
FNDA:16,(anonymous_0)
FNDA:60,(anonymous_1)
FNDA:16,(anonymous_2)
FNDA:44,(anonymous_3)
FNDA:60,(anonymous_4)
FNDA:220,(anonymous_5)
DA:10,16
DA:11,16
DA:16,16
DA:23,60
DA:24,60
DA:25,60
DA:26,258
DA:27,258
DA:29,60
DA:32,60
DA:33,60
DA:34,60
DA:35,60
DA:36,162
DA:37,162
DA:39,60
DA:40,60
DA:42,60
DA:47,16
DA:48,16
DA:49,16
DA:51,16
DA:52,16
DA:58,44
DA:59,44
DA:60,44
DA:61,44
DA:62,0
DA:63,0
DA:64,0
DA:69,60
DA:80,220
DA:81,133
DA:86,87
DA:87,56
DA:92,31
DA:93,9
DA:104,22
DA:105,9
DA:116,13
DA:117,9
DA:128,4
LF:42
LH:39
BRDA:39,0,0,60
BRDA:39,0,1,0
BRDA:61,1,0,0
BRDA:61,1,1,44
BRDA:80,2,0,133
BRDA:80,2,1,87
BRDA:86,3,0,56
BRDA:86,3,1,31
BRDA:92,4,0,9
BRDA:92,4,1,22
BRDA:104,5,0,9
BRDA:104,5,1,13
BRDA:116,6,0,9
BRDA:116,6,1,4
BRF:14
BRH:12
end_of_record
TN:
SF:client/src/components/related/Compare.jsx
FN:5,Compare
FN:11,(anonymous_1)
FN:17,(anonymous_2)
FN:28,(anonymous_3)
FN:31,(anonymous_4)
FN:42,(anonymous_5)
FN:46,(anonymous_6)
FNF:7
FNH:5
FNDA:4,Compare
FNDA:2,(anonymous_1)
FNDA:0,(anonymous_2)
FNDA:2,(anonymous_3)
FNDA:0,(anonymous_4)
FNDA:2,(anonymous_5)
FNDA:2,(anonymous_6)
DA:7,4
DA:8,4
DA:11,4
DA:12,2
DA:18,0
DA:19,0
DA:20,0
DA:21,0
DA:22,0
DA:28,4
DA:29,2
DA:30,0
DA:31,0
DA:32,0
DA:37,0
DA:42,4
DA:43,2
DA:46,4
DA:47,2
DA:51,4
LF:20
LH:11
BRDA:29,0,0,0
BRDA:29,0,1,2
BRDA:51,1,0,0
BRDA:51,1,1,4
BRF:4
BRH:2
end_of_record
TN:
SF:client/src/components/related/CompareTable.jsx
FN:6,(anonymous_0)
FN:21,(anonymous_1)
FN:27,(anonymous_2)
FN:29,(anonymous_3)
FN:32,(anonymous_4)
FN:41,(anonymous_5)
FN:43,(anonymous_6)
FN:56,(anonymous_7)
FN:58,(anonymous_8)
FN:71,(anonymous_9)
FN:82,(anonymous_10)
FN:87,(anonymous_11)
FN:102,(anonymous_12)
FN:110,(anonymous_13)
FN:122,(anonymous_14)
FN:133,(anonymous_15)
FNF:16
FNH:0
FNDA:0,(anonymous_0)
FNDA:0,(anonymous_1)
FNDA:0,(anonymous_2)
FNDA:0,(anonymous_3)
FNDA:0,(anonymous_4)
FNDA:0,(anonymous_5)
FNDA:0,(anonymous_6)
FNDA:0,(anonymous_7)
FNDA:0,(anonymous_8)
FNDA:0,(anonymous_9)
FNDA:0,(anonymous_10)
FNDA:0,(anonymous_11)
FNDA:0,(anonymous_12)
FNDA:0,(anonymous_13)
FNDA:0,(anonymous_14)
FNDA:0,(anonymous_15)
DA:7,0
DA:8,0
DA:14,0
DA:15,0
DA:16,0
DA:17,0
DA:18,0
DA:22,0
DA:23,0
DA:27,0
DA:28,0
DA:29,0
DA:30,0
DA:32,0
DA:33,0
DA:36,0
DA:37,0
DA:41,0
DA:42,0
DA:43,0
DA:44,0
DA:46,0
DA:49,0
DA:50,0
DA:52,0
DA:56,0
DA:57,0
DA:58,0
DA:59,0
DA:61,0
DA:64,0
DA:65,0
DA:67,0
DA:71,0
DA:72,0
DA:73,0
DA:74,0
DA:75,0
DA:76,0
DA:77,0
DA:79,0
DA:81,0
DA:82,0
DA:83,0
DA:84,0
DA:87,0
DA:88,0
DA:89,0
DA:93,0
DA:94,0
DA:96,0
DA:98,0
DA:99,0
DA:102,0
DA:103,0
DA:104,0
DA:106,0
DA:110,0
DA:111,0
DA:112,0
DA:123,0
DA:124,0
DA:134,0
LF:63
LH:0
BRDA:22,0,0,0
BRDA:22,0,1,0
BRDA:44,1,0,0
BRDA:44,1,1,0
BRDA:49,2,0,0
BRDA:49,2,1,0
BRDA:59,3,0,0
BRDA:59,3,1,0
BRDA:64,4,0,0
BRDA:64,4,1,0
BRDA:81,5,0,0
BRDA:81,5,1,0
BRDA:83,6,0,0
BRDA:83,6,1,0
BRDA:88,7,0,0
BRDA:88,7,1,0
BRDA:103,8,0,0
BRDA:103,8,1,0
BRF:18
BRH:0
end_of_record
TN:
SF:client/src/components/related/Related.jsx
FN:14,(anonymous_0)
FN:31,(anonymous_1)
FN:37,(anonymous_2)
FN:45,(anonymous_3)
FN:54,(anonymous_4)
FN:61,(anonymous_5)
FN:77,(anonymous_6)
FN:86,(anonymous_7)
FN:97,(anonymous_8)
FN:114,(anonymous_9)
FN:120,(anonymous_10)
FN:127,(anonymous_11)
FN:133,(anonymous_12)
FN:138,(anonymous_13)
FN:150,(anonymous_14)
FN:157,(anonymous_15)
FN:163,(anonymous_16)
FN:163,(anonymous_17)
FN:166,(anonymous_18)
FNF:19
FNH:8
FNDA:2,(anonymous_0)
FNDA:2,(anonymous_1)
FNDA:2,(anonymous_2)
FNDA:2,(anonymous_3)
FNDA:2,(anonymous_4)
FNDA:0,(anonymous_5)
FNDA:0,(anonymous_6)
FNDA:0,(anonymous_7)
FNDA:0,(anonymous_8)
FNDA:0,(anonymous_9)
FNDA:0,(anonymous_10)
FNDA:2,(anonymous_11)
FNDA:2,(anonymous_12)
FNDA:0,(anonymous_13)
FNDA:4,(anonymous_14)
FNDA:0,(anonymous_15)
FNDA:0,(anonymous_16)
FNDA:0,(anonymous_17)
FNDA:0,(anonymous_18)
DA:15,2
DA:16,2
DA:24,2
DA:25,2
DA:26,2
DA:27,2
DA:28,2
DA:32,2
DA:33,2
DA:34,2
DA:39,2
DA:40,0
DA:41,0
DA:45,2
DA:46,2
DA:47,2
DA:48,1
DA:49,1
DA:54,2
DA:55,2
DA:56,2
DA:57,2
DA:61,2
DA:62,0
DA:63,0
DA:64,0
DA:65,0
DA:66,0
DA:67,0
DA:71,0
DA:72,0
DA:78,0
DA:79,0
DA:80,0
DA:81,0
DA:83,0
DA:84,0
DA:87,0
DA:89,0
DA:90,0
DA:93,0
DA:97,2
DA:98,0
DA:99,0
DA:100,0
DA:101,0
DA:102,0
DA:103,0
DA:104,0
DA:107,0
DA:108,0
DA:109,0
DA:110,0
DA:114,2
DA:115,0
DA:116,0
DA:120,2
DA:121,0
DA:123,0
DA:127,2
DA:128,2
DA:134,2
DA:138,2
DA:139,0
DA:140,0
DA:141,0
DA:143,0
DA:144,0
DA:151,4
DA:157,0
DA:163,0
DA:166,0
LF:72
LH:29
BRDA:39,0,0,0
BRDA:39,0,1,2
BRDA:46,1,0,2
BRDA:46,1,1,0
BRDA:47,2,0,1
BRDA:47,2,1,1
BRDA:66,3,0,0
BRDA:66,3,1,0
BRDA:71,4,0,0
BRDA:71,4,1,0
BRDA:103,5,0,0
BRDA:103,5,1,0
BRDA:140,6,0,0
BRDA:140,6,1,0
BRF:14
BRH:4
end_of_record
TN:
SF:client/src/components/related/Slider.jsx
FN:8,(anonymous_0)
FN:27,(anonymous_1)
FN:33,(anonymous_2)
FN:39,(anonymous_3)
FN:55,(anonymous_4)
FN:59,(anonymous_5)
FN:63,(anonymous_6)
FN:67,(anonymous_7)
FN:71,(anonymous_8)
FN:79,(anonymous_9)
FN:82,(anonymous_10)
FN:101,(anonymous_11)
FNF:12
FNH:8
FNDA:20,(anonymous_0)
FNDA:0,(anonymous_1)
FNDA:0,(anonymous_2)
FNDA:15,(anonymous_3)
FNDA:5,(anonymous_4)
FNDA:5,(anonymous_5)
FNDA:5,(anonymous_6)
FNDA:5,(anonymous_7)
FNDA:15,(anonymous_8)
FNDA:0,(anonymous_9)
FNDA:48,(anonymous_10)
FNDA:0,(anonymous_11)
DA:8,1
DA:9,20
DA:10,20
DA:11,20
DA:12,20
DA:13,20
DA:14,20
DA:17,20
DA:18,0
DA:19,0
DA:20,0
DA:21,0
DA:27,20
DA:28,0
DA:30,0
DA:33,20
DA:34,0
DA:36,0
DA:39,20
DA:40,15
DA:41,9
DA:42,9
DA:44,15
DA:45,6
DA:47,15
DA:48,15
DA:50,15
DA:51,0
DA:55,20
DA:56,5
DA:59,20
DA:60,5
DA:63,20
DA:64,5
DA:67,20
DA:68,5
DA:71,20
DA:72,15
DA:76,20
DA:79,0
DA:83,48
DA:84,1
DA:86,48
DA:101,0
LF:44
LH:33
BRDA:17,0,0,0
BRDA:17,0,1,20
BRDA:40,1,0,9
BRDA:40,1,1,6
BRDA:44,2,0,6
BRDA:44,2,1,9
BRDA:47,3,0,15
BRDA:47,3,1,0
BRDA:50,4,0,0
BRDA:50,4,1,15
BRDA:83,5,0,1
BRDA:83,5,1,47
BRF:12
BRH:9
end_of_record
TN:
SF:client/src/components/related/SliderOutfit.jsx
FN:7,(anonymous_0)
FN:22,(anonymous_1)
FN:28,(anonymous_2)
FN:34,(anonymous_3)
FN:50,(anonymous_4)
FN:54,(anonymous_5)
FN:58,(anonymous_6)
FN:62,(anonymous_7)
FN:66,(anonymous_8)
FN:75,(anonymous_9)
FN:78,(anonymous_10)
FN:93,(anonymous_11)
FN:105,(anonymous_12)
FNF:13
FNH:8
FNDA:14,(anonymous_0)
FNDA:0,(anonymous_1)
FNDA:0,(anonymous_2)
FNDA:10,(anonymous_3)
FNDA:4,(anonymous_4)
FNDA:4,(anonymous_5)
FNDA:4,(anonymous_6)
FNDA:4,(anonymous_7)
FNDA:10,(anonymous_8)
FNDA:0,(anonymous_9)
FNDA:26,(anonymous_10)
FNDA:0,(anonymous_11)
FNDA:0,(anonymous_12)
DA:7,1
DA:8,14
DA:9,14
DA:10,14
DA:11,14
DA:12,14
DA:13,14
DA:16,14
DA:17,0
DA:18,0
DA:22,14
DA:23,0
DA:25,0
DA:28,14
DA:29,0
DA:31,0
DA:34,14
DA:35,10
DA:36,10
DA:37,10
DA:39,10
DA:40,0
DA:42,10
DA:43,10
DA:45,10
DA:46,0
DA:50,14
DA:51,4
DA:54,14
DA:55,4
DA:58,14
DA:59,4
DA:62,14
DA:63,4
DA:66,14
DA:67,10
DA:72,14
DA:75,0
DA:79,26
DA:80,0
DA:82,26
DA:83,14
DA:91,12
DA:93,0
DA:105,0
LF:45
LH:33
BRDA:16,0,0,0
BRDA:16,0,1,14
BRDA:35,1,0,10
BRDA:35,1,1,0
BRDA:39,2,0,0
BRDA:39,2,1,10
BRDA:42,3,0,10
BRDA:42,3,1,0
BRDA:45,4,0,0
BRDA:45,4,1,10
BRDA:79,5,0,0
BRDA:79,5,1,26
BRDA:82,6,0,14
BRDA:82,6,1,12
BRF:14
BRH:8
end_of_record
TN:
SF:client/src/components/related/noPhoto.js
FNF:0
FNH:0
DA:1,1
LF:1
LH:1
BRF:0
BRH:0
end_of_record
TN:
SF:client/src/components/related/__related_tests_/RelatedExamples.js
FNF:0
FNH:0
DA:1,1
DA:101,1
LF:2
LH:2
BRF:0
BRH:0
end_of_record
