TN:
SF:client/src/components/overview/StarReview.jsx
FN:9,(anonymous_0)
FN:21,(anonymous_1)
FN:46,(anonymous_2)
FN:56,(anonymous_3)
FN:68,(anonymous_4)
FN:79,(anonymous_5)
FNF:6
FNH:6
FNDA:16,(anonymous_0)
FNDA:60,(anonymous_1)
FNDA:16,(anonymous_2)
FNDA:44,(anonymous_3)
FNDA:60,(anonymous_4)
FNDA:220,(anonymous_5)
DA:10,16
DA:11,16
DA:16,16
DA:23,60
DA:24,60
DA:25,60
DA:26,258
DA:27,258
DA:29,60
DA:32,60
DA:33,60
DA:34,60
DA:35,60
DA:36,162
DA:37,162
DA:39,60
DA:40,60
DA:42,60
DA:47,16
DA:48,16
DA:49,16
DA:51,16
DA:52,16
DA:58,44
DA:59,44
DA:60,44
DA:61,44
DA:62,0
DA:63,0
DA:64,0
DA:69,60
DA:80,220
DA:81,133
DA:86,87
DA:87,56
DA:92,31
DA:93,9
DA:104,22
DA:105,9
DA:116,13
DA:117,9
DA:128,4
LF:42
LH:39
BRDA:39,0,0,60
BRDA:39,0,1,0
BRDA:61,1,0,0
BRDA:61,1,1,44
BRDA:80,2,0,133
BRDA:80,2,1,87
BRDA:86,3,0,56
BRDA:86,3,1,31
BRDA:92,4,0,9
BRDA:92,4,1,22
BRDA:104,5,0,9
BRDA:104,5,1,13
BRDA:116,6,0,9
BRDA:116,6,1,4
BRF:14
BRH:12
end_of_record
TN:
SF:client/src/components/related/Related.jsx
FN:13,(anonymous_0)
FN:27,(anonymous_1)
FN:33,(anonymous_2)
FN:41,(anonymous_3)
FN:50,(anonymous_4)
FN:57,(anonymous_5)
FN:73,(anonymous_6)
FN:82,(anonymous_7)
FN:93,(anonymous_8)
FN:110,(anonymous_9)
FN:116,(anonymous_10)
FN:123,(anonymous_11)
FN:129,(anonymous_12)
FN:137,(anonymous_13)
FN:146,(anonymous_14)
FN:146,(anonymous_15)
FNF:16
FNH:8
FNDA:2,(anonymous_0)
FNDA:2,(anonymous_1)
FNDA:2,(anonymous_2)
FNDA:2,(anonymous_3)
FNDA:2,(anonymous_4)
FNDA:0,(anonymous_5)
FNDA:0,(anonymous_6)
FNDA:0,(anonymous_7)
FNDA:0,(anonymous_8)
FNDA:0,(anonymous_9)
FNDA:0,(anonymous_10)
FNDA:2,(anonymous_11)
FNDA:2,(anonymous_12)
FNDA:4,(anonymous_13)
FNDA:0,(anonymous_14)
FNDA:0,(anonymous_15)
DA:14,2
DA:15,2
DA:21,2
DA:22,2
DA:23,2
DA:24,2
DA:28,2
DA:29,2
DA:30,2
DA:35,2
DA:36,0
DA:37,0
DA:41,2
DA:42,2
DA:43,2
DA:44,1
DA:45,1
DA:50,2
DA:51,2
DA:52,2
DA:53,2
DA:57,2
DA:58,0
DA:59,0
DA:60,0
DA:61,0
DA:62,0
DA:63,0
DA:67,0
DA:68,0
DA:74,0
DA:75,0
DA:76,0
DA:77,0
DA:79,0
DA:80,0
DA:83,0
DA:85,0
DA:86,0
DA:89,0
DA:93,2
DA:94,0
DA:95,0
DA:96,0
DA:97,0
DA:98,0
DA:99,0
DA:100,0
DA:103,0
DA:104,0
DA:105,0
DA:106,0
DA:110,2
DA:111,0
DA:112,0
DA:116,2
DA:117,0
DA:119,0
DA:123,2
DA:124,2
DA:130,2
DA:138,4
DA:146,0
LF:63
LH:27
BRDA:35,0,0,0
BRDA:35,0,1,2
BRDA:42,1,0,2
BRDA:42,1,1,0
BRDA:43,2,0,1
BRDA:43,2,1,1
BRDA:62,3,0,0
BRDA:62,3,1,0
BRDA:67,4,0,0
BRDA:67,4,1,0
BRDA:99,5,0,0
BRDA:99,5,1,0
BRF:12
BRH:4
end_of_record
TN:
SF:client/src/components/related/Slider.jsx
FN:7,(anonymous_0)
FN:26,(anonymous_1)
FN:32,(anonymous_2)
FN:38,(anonymous_3)
FN:54,(anonymous_4)
FN:58,(anonymous_5)
FN:62,(anonymous_6)
FN:66,(anonymous_7)
FN:70,(anonymous_8)
FN:78,(anonymous_9)
FN:81,(anonymous_10)
FN:98,(anonymous_11)
FNF:12
FNH:8
FNDA:20,(anonymous_0)
FNDA:0,(anonymous_1)
FNDA:0,(anonymous_2)
FNDA:15,(anonymous_3)
FNDA:5,(anonymous_4)
FNDA:5,(anonymous_5)
FNDA:5,(anonymous_6)
FNDA:5,(anonymous_7)
FNDA:15,(anonymous_8)
FNDA:0,(anonymous_9)
FNDA:48,(anonymous_10)
FNDA:0,(anonymous_11)
DA:7,1
DA:8,20
DA:9,20
DA:10,20
DA:11,20
DA:12,20
DA:13,20
DA:16,20
DA:17,0
DA:18,0
DA:19,0
DA:20,0
DA:26,20
DA:27,0
DA:29,0
DA:32,20
DA:33,0
DA:35,0
DA:38,20
DA:39,15
DA:40,9
DA:41,9
DA:43,15
DA:44,6
DA:46,15
DA:47,15
DA:49,15
DA:50,0
DA:54,20
DA:55,5
DA:58,20
DA:59,5
DA:62,20
DA:63,5
DA:66,20
DA:67,5
DA:70,20
DA:71,15
DA:75,20
DA:78,0
DA:82,48
DA:83,1
DA:85,48
DA:98,0
LF:44
LH:33
BRDA:16,0,0,0
BRDA:16,0,1,20
BRDA:39,1,0,9
BRDA:39,1,1,6
BRDA:43,2,0,6
BRDA:43,2,1,9
BRDA:46,3,0,15
BRDA:46,3,1,0
BRDA:49,4,0,0
BRDA:49,4,1,15
BRDA:82,5,0,1
BRDA:82,5,1,47
BRF:12
BRH:9
end_of_record
TN:
SF:client/src/components/related/SliderOutfit.jsx
FN:7,(anonymous_0)
FN:22,(anonymous_1)
FN:28,(anonymous_2)
FN:34,(anonymous_3)
FN:50,(anonymous_4)
FN:54,(anonymous_5)
FN:58,(anonymous_6)
FN:62,(anonymous_7)
FN:66,(anonymous_8)
FN:75,(anonymous_9)
FN:78,(anonymous_10)
FN:105,(anonymous_11)
FNF:12
FNH:8
FNDA:14,(anonymous_0)
FNDA:0,(anonymous_1)
FNDA:0,(anonymous_2)
FNDA:10,(anonymous_3)
FNDA:4,(anonymous_4)
FNDA:4,(anonymous_5)
FNDA:4,(anonymous_6)
FNDA:4,(anonymous_7)
FNDA:10,(anonymous_8)
FNDA:0,(anonymous_9)
FNDA:26,(anonymous_10)
FNDA:0,(anonymous_11)
DA:7,1
DA:8,14
DA:9,14
DA:10,14
DA:11,14
DA:12,14
DA:13,14
DA:16,14
DA:17,0
DA:18,0
DA:22,14
DA:23,0
DA:25,0
DA:28,14
DA:29,0
DA:31,0
DA:34,14
DA:35,10
DA:36,10
DA:37,10
DA:39,10
DA:40,0
DA:42,10
DA:43,10
DA:45,10
DA:46,0
DA:50,14
DA:51,4
DA:54,14
DA:55,4
DA:58,14
DA:59,4
DA:62,14
DA:63,4
DA:66,14
DA:67,10
DA:72,14
DA:75,0
DA:79,26
DA:80,0
DA:82,26
DA:83,14
DA:91,12
DA:105,0
LF:44
LH:33
BRDA:16,0,0,0
BRDA:16,0,1,14
BRDA:35,1,0,10
BRDA:35,1,1,0
BRDA:39,2,0,0
BRDA:39,2,1,10
BRDA:42,3,0,10
BRDA:42,3,1,0
BRDA:45,4,0,0
BRDA:45,4,1,10
BRDA:79,5,0,0
BRDA:79,5,1,26
BRDA:82,6,0,14
BRDA:82,6,1,12
BRF:14
BRH:8
end_of_record
TN:
SF:client/src/components/related/noPhoto.js
FNF:0
FNH:0
DA:1,1
LF:1
LH:1
BRF:0
BRH:0
end_of_record
TN:
SF:client/src/components/related/__related_tests_/RelatedExamples.js
FNF:0
FNH:0
DA:1,1
DA:101,1
LF:2
LH:2
BRF:0
BRH:0
end_of_record
